Base path: 'C:/Program Files/Unity/Hub/Editor/2022.1.8f1/Editor/Data', plugins path 'C:/Program Files/Unity/Hub/Editor/2022.1.8f1/Editor/Data/PlaybackEngines'
Cmd: initializeCompiler

Cmd: compileSnippet
  insize=10062 file=Assets/House/Shaders/Unreal/MI_Bathtub_clean pass=ShadowCaster ppOnly=0 stripLineD=0 buildPlatform=13 rsLen=0 pKW=UNITY_NO_DXT5nm UNITY_NO_RGBM UNITY_ENABLE_REFLECTION_BUFFERS UNITY_NO_CUBEMAP_ARRAY UNITY_NO_SCREENSPACE_SHADOWS UNITY_PBS_USE_BRDF2 SHADER_API_MOBILE UNITY_LIGHTMAP_DLDR_ENCODING UNITY_PASS_SHADOWCASTER uKW=INSTANCING_ON dKW=DOTS_INSTANCING_ON _CASTING_PUNCTUAL_LIGHT_SHADOW UNITY_FRAMEBUFFER_FETCH_AVAILABLE UNITY_METAL_SHADOWS_USE_POINT_FILTERING UNITY_USE_DITHER_MASK_FOR_ALPHABLENDED_SHADOWS UNITY_PBS_USE_BRDF1 UNITY_PBS_USE_BRDF3 UNITY_NO_FULL_STANDARD_SHADER UNITY_SPECCUBE_BOX_PROJECTION UNITY_SPECCUBE_BLENDING UNITY_ENABLE_DETAIL_NORMALMAP UNITY_HARDWARE_TIER1 UNITY_HARDWARE_TIER2 UNITY_HARDWARE_TIER3 UNITY_COLORSPACE_GAMMA UNITY_LIGHT_PROBE_PROXY_VOLUME UNITY_HALF_PRECISION_FRAGMENT_SHADER_REGISTERS UNITY_LIGHTMAP_RGBM_ENCODING UNITY_LIGHTMAP_FULL_HDR UNITY_VIRTUAL_TEXTURING UNITY_PRETRANSFORM_TO_DISPLAY_ORIENTATION UNITY_ASTC_NORMALMAP_ENCODING SHADER_API_GLES30 UNITY_UNIFIED_SHADER_PRECISION_MODEL flags=268435456 lang=3 type=Vertex platform=d3d11 reqs=1101803 mask=6 start=735  error: 1 plat 25 at Assets/House/Shaders/MI_Bathtub_clean.hlsl(58): 'PI': macro redefinition. Previous definition found at C:/IFP/Anyo2/ProyectoVideojuegos/ProyectoFinal/The-Cleaner/TheCleanerProject/Library/PackageCache/com.unity.render-pipelines.core@13.1.8/ShaderLibrary/Macros.hlsl:23.
  error: 1 plat 4 at Assets/House/Shaders/MI_Bathtub_clean.hlsl(198): implicit truncation of vector type
  error: 1 plat 4 at Assets/House/Shaders/UnrealCommon.cginc(3): 'exclude_renderers' : unknown pragma ignored
  error: 1 plat 4 at Assets/House/Shaders/UnrealCommon.cginc(428): implicit truncation of vector type
  error: 1 plat 4 at Assets/House/Shaders/UnrealCommon.cginc(432): implicit truncation of vector type
  error: 1 plat 4 at Assets/House/Shaders/UnrealCommon.cginc(1128): implicit truncation of vector type
  error: 1 plat 4 at Assets/House/Shaders/UnrealCommon.cginc(1336): 'Pow2': implicit truncation of vector type
 ok=1 outsize=1430

Cmd: compileSnippet
  insize=10062 file=Assets/House/Shaders/Unreal/MI_Bathtub_clean pass=ShadowCaster ppOnly=0 stripLineD=0 buildPlatform=13 rsLen=0 pKW=UNITY_NO_DXT5nm UNITY_NO_RGBM UNITY_ENABLE_REFLECTION_BUFFERS UNITY_NO_CUBEMAP_ARRAY UNITY_NO_SCREENSPACE_SHADOWS UNITY_PBS_USE_BRDF2 SHADER_API_MOBILE UNITY_LIGHTMAP_DLDR_ENCODING UNITY_PASS_SHADOWCASTER uKW=INSTANCING_ON dKW=DOTS_INSTANCING_ON _CASTING_PUNCTUAL_LIGHT_SHADOW UNITY_FRAMEBUFFER_FETCH_AVAILABLE UNITY_METAL_SHADOWS_USE_POINT_FILTERING UNITY_USE_DITHER_MASK_FOR_ALPHABLENDED_SHADOWS UNITY_PBS_USE_BRDF1 UNITY_PBS_USE_BRDF3 UNITY_NO_FULL_STANDARD_SHADER UNITY_SPECCUBE_BOX_PROJECTION UNITY_SPECCUBE_BLENDING UNITY_ENABLE_DETAIL_NORMALMAP UNITY_HARDWARE_TIER1 UNITY_HARDWARE_TIER2 UNITY_HARDWARE_TIER3 UNITY_COLORSPACE_GAMMA UNITY_LIGHT_PROBE_PROXY_VOLUME UNITY_HALF_PRECISION_FRAGMENT_SHADER_REGISTERS UNITY_LIGHTMAP_RGBM_ENCODING UNITY_LIGHTMAP_FULL_HDR UNITY_VIRTUAL_TEXTURING UNITY_PRETRANSFORM_TO_DISPLAY_ORIENTATION UNITY_ASTC_NORMALMAP_ENCODING SHADER_API_GLES30 UNITY_UNIFIED_SHADER_PRECISION_MODEL flags=268435456 lang=3 type=Fragment platform=d3d11 reqs=1101803 mask=6 start=735  error: 1 plat 25 at Assets/House/Shaders/MI_Bathtub_clean.hlsl(58): 'PI': macro redefinition. Previous definition found at C:/IFP/Anyo2/ProyectoVideojuegos/ProyectoFinal/The-Cleaner/TheCleanerProject/Library/PackageCache/com.unity.render-pipelines.core@13.1.8/ShaderLibrary/Macros.hlsl:23.
  error: 1 plat 4 at Assets/House/Shaders/MI_Bathtub_clean.hlsl(198): implicit truncation of vector type
  error: 1 plat 4 at Assets/House/Shaders/MI_Bathtub_clean.hlsl(250): floating point division by zero
  error: 1 plat 4 at Assets/House/Shaders/UnrealCommon.cginc(3): 'exclude_renderers' : unknown pragma ignored
  error: 1 plat 4 at Assets/House/Shaders/UnrealCommon.cginc(428): implicit truncation of vector type
  error: 1 plat 4 at Assets/House/Shaders/UnrealCommon.cginc(432): implicit truncation of vector type
  error: 1 plat 4 at Assets/House/Shaders/UnrealCommon.cginc(1128): implicit truncation of vector type
  error: 1 plat 4 at Assets/House/Shaders/UnrealCommon.cginc(1336): 'Pow2': implicit truncation of vector type
 ok=1 outsize=390

Cmd: compileSnippet
  insize=13756 file=Assets/House/Shaders/Unreal/MI_Bathtub_clean pass=Universal Forward ppOnly=0 stripLineD=0 buildPlatform=13 rsLen=0 pKW=UNITY_NO_DXT5nm UNITY_NO_RGBM UNITY_ENABLE_REFLECTION_BUFFERS UNITY_NO_CUBEMAP_ARRAY UNITY_NO_SCREENSPACE_SHADOWS UNITY_PBS_USE_BRDF2 SHADER_API_MOBILE UNITY_LIGHTMAP_DLDR_ENCODING uKW=_MAIN_LIGHT_SHADOWS _ADDITIONAL_LIGHTS _ADDITIONAL_LIGHT_SHADOWS dKW=DOTS_INSTANCING_ON _SCREEN_SPACE_OCCLUSION LIGHTMAP_ON DIRLIGHTMAP_COMBINED _MAIN_LIGHT_SHADOWS_CASCADE _MAIN_LIGHT_SHADOWS_SCREEN _ADDITIONAL_LIGHTS_VERTEX _ADDITIONAL_OFF _SHADOWS_SOFT LIGHTMAP_SHADOW_MIXING SHADOWS_SHADOWMASK INSTANCING_ON FOG_LINEAR FOG_EXP FOG_EXP2 UNITY_FRAMEBUFFER_FETCH_AVAILABLE UNITY_METAL_SHADOWS_USE_POINT_FILTERING UNITY_USE_DITHER_MASK_FOR_ALPHABLENDED_SHADOWS UNITY_PBS_USE_BRDF1 UNITY_PBS_USE_BRDF3 UNITY_NO_FULL_STANDARD_SHADER UNITY_SPECCUBE_BOX_PROJECTION UNITY_SPECCUBE_BLENDING UNITY_ENABLE_DETAIL_NORMALMAP UNITY_HARDWARE_TIER1 UNITY_HARDWARE_TIER2 UNITY_HARDWARE_TIER3 UNITY_COLORSPACE_GAMMA UNITY_LIGHT_PROBE_PROXY_VOLUME UNITY_HALF_PRECISION_FRAGMENT_SHADER_REGISTERS UNITY_LIGHTMAP_RGBM_ENCODING UNITY_LIGHTMAP_FULL_HDR UNITY_VIRTUAL_TEXTURING UNITY_PRETRANSFORM_TO_DISPLAY_ORIENTATION UNITY_ASTC_NORMALMAP_ENCODING SHADER_API_GLES30 UNITY_UNIFIED_SHADER_PRECISION_MODEL flags=268435456 lang=3 type=Vertex platform=d3d11 reqs=1101803 mask=6 start=42  error: 1 plat 25 at Assets/House/Shaders/MI_Bathtub_clean.hlsl(58): 'PI': macro redefinition. Previous definition found at C:/IFP/Anyo2/ProyectoVideojuegos/ProyectoFinal/The-Cleaner/TheCleanerProject/Library/PackageCache/com.unity.render-pipelines.core@13.1.8/ShaderLibrary/Macros.hlsl:23.
  error: 1 plat 4 at Assets/House/Shaders/MI_Bathtub_clean.hlsl(198): implicit truncation of vector type
  error: 1 plat 4 at Assets/House/Shaders/UnrealCommon.cginc(3): 'exclude_renderers' : unknown pragma ignored
  error: 1 plat 4 at Assets/House/Shaders/UnrealCommon.cginc(428): implicit truncation of vector type
  error: 1 plat 4 at Assets/House/Shaders/UnrealCommon.cginc(432): implicit truncation of vector type
  error: 1 plat 4 at Assets/House/Shaders/UnrealCommon.cginc(1128): implicit truncation of vector type
  error: 1 plat 4 at Assets/House/Shaders/UnrealCommon.cginc(1336): 'Pow2': implicit truncation of vector type
 ok=1 outsize=2178

Cmd: compileSnippet
  insize=13756 file=Assets/House/Shaders/Unreal/MI_Bathtub_clean pass=Universal Forward ppOnly=0 stripLineD=0 buildPlatform=13 rsLen=0 pKW=UNITY_NO_DXT5nm UNITY_NO_RGBM UNITY_ENABLE_REFLECTION_BUFFERS UNITY_NO_CUBEMAP_ARRAY UNITY_NO_SCREENSPACE_SHADOWS UNITY_PBS_USE_BRDF2 SHADER_API_MOBILE UNITY_LIGHTMAP_DLDR_ENCODING uKW=_MAIN_LIGHT_SHADOWS _ADDITIONAL_LIGHTS _ADDITIONAL_LIGHT_SHADOWS dKW=DOTS_INSTANCING_ON _SCREEN_SPACE_OCCLUSION LIGHTMAP_ON DIRLIGHTMAP_COMBINED _MAIN_LIGHT_SHADOWS_CASCADE _MAIN_LIGHT_SHADOWS_SCREEN _ADDITIONAL_LIGHTS_VERTEX _ADDITIONAL_OFF _SHADOWS_SOFT LIGHTMAP_SHADOW_MIXING SHADOWS_SHADOWMASK INSTANCING_ON FOG_LINEAR FOG_EXP FOG_EXP2 UNITY_FRAMEBUFFER_FETCH_AVAILABLE UNITY_METAL_SHADOWS_USE_POINT_FILTERING UNITY_USE_DITHER_MASK_FOR_ALPHABLENDED_SHADOWS UNITY_PBS_USE_BRDF1 UNITY_PBS_USE_BRDF3 UNITY_NO_FULL_STANDARD_SHADER UNITY_SPECCUBE_BOX_PROJECTION UNITY_SPECCUBE_BLENDING UNITY_ENABLE_DETAIL_NORMALMAP UNITY_HARDWARE_TIER1 UNITY_HARDWARE_TIER2 UNITY_HARDWARE_TIER3 UNITY_COLORSPACE_GAMMA UNITY_LIGHT_PROBE_PROXY_VOLUME UNITY_HALF_PRECISION_FRAGMENT_SHADER_REGISTERS UNITY_LIGHTMAP_RGBM_ENCODING UNITY_LIGHTMAP_FULL_HDR UNITY_VIRTUAL_TEXTURING UNITY_PRETRANSFORM_TO_DISPLAY_ORIENTATION UNITY_ASTC_NORMALMAP_ENCODING SHADER_API_GLES30 UNITY_UNIFIED_SHADER_PRECISION_MODEL flags=268435456 lang=3 type=Fragment platform=d3d11 reqs=1101803 mask=6 start=42  error: 1 plat 25 at Assets/House/Shaders/MI_Bathtub_clean.hlsl(58): 'PI': macro redefinition. Previous definition found at C:/IFP/Anyo2/ProyectoVideojuegos/ProyectoFinal/The-Cleaner/TheCleanerProject/Library/PackageCache/com.unity.render-pipelines.core@13.1.8/ShaderLibrary/Macros.hlsl:23.
  error: 1 plat 4 at Assets/House/Shaders/MI_Bathtub_clean.hlsl(198): implicit truncation of vector type
  error: 1 plat 4 at Assets/House/Shaders/MI_Bathtub_clean.hlsl(250): floating point division by zero
  error: 1 plat 4 at Assets/House/Shaders/UnrealCommon.cginc(3): 'exclude_renderers' : unknown pragma ignored
  error: 1 plat 4 at Assets/House/Shaders/UnrealCommon.cginc(428): implicit truncation of vector type
  error: 1 plat 4 at Assets/House/Shaders/UnrealCommon.cginc(432): implicit truncation of vector type
  error: 1 plat 4 at Assets/House/Shaders/UnrealCommon.cginc(1128): implicit truncation of vector type
  error: 1 plat 4 at Assets/House/Shaders/UnrealCommon.cginc(1336): 'Pow2': implicit truncation of vector type
 ok=1 outsize=8282

Cmd: compileSnippet
  insize=10065 file=Assets/House/Shaders/Unreal/MI_Bed_frames_clean pass=ShadowCaster ppOnly=0 stripLineD=0 buildPlatform=13 rsLen=0 pKW=UNITY_NO_DXT5nm UNITY_NO_RGBM UNITY_ENABLE_REFLECTION_BUFFERS UNITY_NO_CUBEMAP_ARRAY UNITY_NO_SCREENSPACE_SHADOWS UNITY_PBS_USE_BRDF2 SHADER_API_MOBILE UNITY_LIGHTMAP_DLDR_ENCODING UNITY_PASS_SHADOWCASTER uKW=INSTANCING_ON dKW=DOTS_INSTANCING_ON _CASTING_PUNCTUAL_LIGHT_SHADOW UNITY_FRAMEBUFFER_FETCH_AVAILABLE UNITY_METAL_SHADOWS_USE_POINT_FILTERING UNITY_USE_DITHER_MASK_FOR_ALPHABLENDED_SHADOWS UNITY_PBS_USE_BRDF1 UNITY_PBS_USE_BRDF3 UNITY_NO_FULL_STANDARD_SHADER UNITY_SPECCUBE_BOX_PROJECTION UNITY_SPECCUBE_BLENDING UNITY_ENABLE_DETAIL_NORMALMAP UNITY_HARDWARE_TIER1 UNITY_HARDWARE_TIER2 UNITY_HARDWARE_TIER3 UNITY_COLORSPACE_GAMMA UNITY_LIGHT_PROBE_PROXY_VOLUME UNITY_HALF_PRECISION_FRAGMENT_SHADER_REGISTERS UNITY_LIGHTMAP_RGBM_ENCODING UNITY_LIGHTMAP_FULL_HDR UNITY_VIRTUAL_TEXTURING UNITY_PRETRANSFORM_TO_DISPLAY_ORIENTATION UNITY_ASTC_NORMALMAP_ENCODING SHADER_API_GLES30 UNITY_UNIFIED_SHADER_PRECISION_MODEL flags=268435456 lang=3 type=Vertex platform=d3d11 reqs=1101803 mask=6 start=735  error: 1 plat 25 at Assets/House/Shaders/MI_Bed_frames_clean.hlsl(58): 'PI': macro redefinition. Previous definition found at C:/IFP/Anyo2/ProyectoVideojuegos/ProyectoFinal/The-Cleaner/TheCleanerProject/Library/PackageCache/com.unity.render-pipelines.core@13.1.8/ShaderLibrary/Macros.hlsl:23.
  error: 1 plat 4 at Assets/House/Shaders/MI_Bed_frames_clean.hlsl(198): implicit truncation of vector type
  error: 1 plat 4 at Assets/House/Shaders/UnrealCommon.cginc(3): 'exclude_renderers' : unknown pragma ignored
  error: 1 plat 4 at Assets/House/Shaders/UnrealCommon.cginc(428): implicit truncation of vector type
  error: 1 plat 4 at Assets/House/Shaders/UnrealCommon.cginc(432): implicit truncation of vector type
  error: 1 plat 4 at Assets/House/Shaders/UnrealCommon.cginc(1128): implicit truncation of vector type
  error: 1 plat 4 at Assets/House/Shaders/UnrealCommon.cginc(1336): 'Pow2': implicit truncation of vector type
 ok=1 outsize=1430

Cmd: compileSnippet
  insize=10065 file=Assets/House/Shaders/Unreal/MI_Bed_frames_clean pass=ShadowCaster ppOnly=0 stripLineD=0 buildPlatform=13 rsLen=0 pKW=UNITY_NO_DXT5nm UNITY_NO_RGBM UNITY_ENABLE_REFLECTION_BUFFERS UNITY_NO_CUBEMAP_ARRAY UNITY_NO_SCREENSPACE_SHADOWS UNITY_PBS_USE_BRDF2 SHADER_API_MOBILE UNITY_LIGHTMAP_DLDR_ENCODING UNITY_PASS_SHADOWCASTER uKW=INSTANCING_ON dKW=DOTS_INSTANCING_ON _CASTING_PUNCTUAL_LIGHT_SHADOW UNITY_FRAMEBUFFER_FETCH_AVAILABLE UNITY_METAL_SHADOWS_USE_POINT_FILTERING UNITY_USE_DITHER_MASK_FOR_ALPHABLENDED_SHADOWS UNITY_PBS_USE_BRDF1 UNITY_PBS_USE_BRDF3 UNITY_NO_FULL_STANDARD_SHADER UNITY_SPECCUBE_BOX_PROJECTION UNITY_SPECCUBE_BLENDING UNITY_ENABLE_DETAIL_NORMALMAP UNITY_HARDWARE_TIER1 UNITY_HARDWARE_TIER2 UNITY_HARDWARE_TIER3 UNITY_COLORSPACE_GAMMA UNITY_LIGHT_PROBE_PROXY_VOLUME UNITY_HALF_PRECISION_FRAGMENT_SHADER_REGISTERS UNITY_LIGHTMAP_RGBM_ENCODING UNITY_LIGHTMAP_FULL_HDR UNITY_VIRTUAL_TEXTURING UNITY_PRETRANSFORM_TO_DISPLAY_ORIENTATION UNITY_ASTC_NORMALMAP_ENCODING SHADER_API_GLES30 UNITY_UNIFIED_SHADER_PRECISION_MODEL flags=268435456 lang=3 type=Fragment platform=d3d11 reqs=1101803 mask=6 start=735  error: 1 plat 25 at Assets/House/Shaders/MI_Bed_frames_clean.hlsl(58): 'PI': macro redefinition. Previous definition found at C:/IFP/Anyo2/ProyectoVideojuegos/ProyectoFinal/The-Cleaner/TheCleanerProject/Library/PackageCache/com.unity.render-pipelines.core@13.1.8/ShaderLibrary/Macros.hlsl:23.
  error: 1 plat 4 at Assets/House/Shaders/MI_Bed_frames_clean.hlsl(198): implicit truncation of vector type
  error: 1 plat 4 at Assets/House/Shaders/MI_Bed_frames_clean.hlsl(250): floating point division by zero
  error: 1 plat 4 at Assets/House/Shaders/UnrealCommon.cginc(3): 'exclude_renderers' : unknown pragma ignored
  error: 1 plat 4 at Assets/House/Shaders/UnrealCommon.cginc(428): implicit truncation of vector type
  error: 1 plat 4 at Assets/House/Shaders/UnrealCommon.cginc(432): implicit truncation of vector type
  error: 1 plat 4 at Assets/House/Shaders/UnrealCommon.cginc(1128): implicit truncation of vector type
  error: 1 plat 4 at Assets/House/Shaders/UnrealCommon.cginc(1336): 'Pow2': implicit truncation of vector type
 ok=1 outsize=390

Cmd: compileSnippet
  insize=13759 file=Assets/House/Shaders/Unreal/MI_Bed_frames_clean pass=Universal Forward ppOnly=0 stripLineD=0 buildPlatform=13 rsLen=0 pKW=UNITY_NO_DXT5nm UNITY_NO_RGBM UNITY_ENABLE_REFLECTION_BUFFERS UNITY_NO_CUBEMAP_ARRAY UNITY_NO_SCREENSPACE_SHADOWS UNITY_PBS_USE_BRDF2 SHADER_API_MOBILE UNITY_LIGHTMAP_DLDR_ENCODING uKW=_MAIN_LIGHT_SHADOWS _ADDITIONAL_LIGHTS _ADDITIONAL_LIGHT_SHADOWS dKW=DOTS_INSTANCING_ON _SCREEN_SPACE_OCCLUSION LIGHTMAP_ON DIRLIGHTMAP_COMBINED _MAIN_LIGHT_SHADOWS_CASCADE _MAIN_LIGHT_SHADOWS_SCREEN _ADDITIONAL_LIGHTS_VERTEX _ADDITIONAL_OFF _SHADOWS_SOFT LIGHTMAP_SHADOW_MIXING SHADOWS_SHADOWMASK INSTANCING_ON FOG_LINEAR FOG_EXP FOG_EXP2 UNITY_FRAMEBUFFER_FETCH_AVAILABLE UNITY_METAL_SHADOWS_USE_POINT_FILTERING UNITY_USE_DITHER_MASK_FOR_ALPHABLENDED_SHADOWS UNITY_PBS_USE_BRDF1 UNITY_PBS_USE_BRDF3 UNITY_NO_FULL_STANDARD_SHADER UNITY_SPECCUBE_BOX_PROJECTION UNITY_SPECCUBE_BLENDING UNITY_ENABLE_DETAIL_NORMALMAP UNITY_HARDWARE_TIER1 UNITY_HARDWARE_TIER2 UNITY_HARDWARE_TIER3 UNITY_COLORSPACE_GAMMA UNITY_LIGHT_PROBE_PROXY_VOLUME UNITY_HALF_PRECISION_FRAGMENT_SHADER_REGISTERS UNITY_LIGHTMAP_RGBM_ENCODING UNITY_LIGHTMAP_FULL_HDR UNITY_VIRTUAL_TEXTURING UNITY_PRETRANSFORM_TO_DISPLAY_ORIENTATION UNITY_ASTC_NORMALMAP_ENCODING SHADER_API_GLES30 UNITY_UNIFIED_SHADER_PRECISION_MODEL flags=268435456 lang=3 type=Vertex platform=d3d11 reqs=1101803 mask=6 start=42  error: 1 plat 25 at Assets/House/Shaders/MI_Bed_frames_clean.hlsl(58): 'PI': macro redefinition. Previous definition found at C:/IFP/Anyo2/ProyectoVideojuegos/ProyectoFinal/The-Cleaner/TheCleanerProject/Library/PackageCache/com.unity.render-pipelines.core@13.1.8/ShaderLibrary/Macros.hlsl:23.
  error: 1 plat 4 at Assets/House/Shaders/MI_Bed_frames_clean.hlsl(198): implicit truncation of vector type
  error: 1 plat 4 at Assets/House/Shaders/UnrealCommon.cginc(3): 'exclude_renderers' : unknown pragma ignored
  error: 1 plat 4 at Assets/House/Shaders/UnrealCommon.cginc(428): implicit truncation of vector type
  error: 1 plat 4 at Assets/House/Shaders/UnrealCommon.cginc(432): implicit truncation of vector type
  error: 1 plat 4 at Assets/House/Shaders/UnrealCommon.cginc(1128): implicit truncation of vector type
  error: 1 plat 4 at Assets/House/Shaders/UnrealCommon.cginc(1336): 'Pow2': implicit truncation of vector type
 ok=1 outsize=2178

Cmd: compileSnippet
  insize=13759 file=Assets/House/Shaders/Unreal/MI_Bed_frames_clean pass=Universal Forward ppOnly=0 stripLineD=0 buildPlatform=13 rsLen=0 pKW=UNITY_NO_DXT5nm UNITY_NO_RGBM UNITY_ENABLE_REFLECTION_BUFFERS UNITY_NO_CUBEMAP_ARRAY UNITY_NO_SCREENSPACE_SHADOWS UNITY_PBS_USE_BRDF2 SHADER_API_MOBILE UNITY_LIGHTMAP_DLDR_ENCODING uKW=_MAIN_LIGHT_SHADOWS _ADDITIONAL_LIGHTS _ADDITIONAL_LIGHT_SHADOWS dKW=DOTS_INSTANCING_ON _SCREEN_SPACE_OCCLUSION LIGHTMAP_ON DIRLIGHTMAP_COMBINED _MAIN_LIGHT_SHADOWS_CASCADE _MAIN_LIGHT_SHADOWS_SCREEN _ADDITIONAL_LIGHTS_VERTEX _ADDITIONAL_OFF _SHADOWS_SOFT LIGHTMAP_SHADOW_MIXING SHADOWS_SHADOWMASK INSTANCING_ON FOG_LINEAR FOG_EXP FOG_EXP2 UNITY_FRAMEBUFFER_FETCH_AVAILABLE UNITY_METAL_SHADOWS_USE_POINT_FILTERING UNITY_USE_DITHER_MASK_FOR_ALPHABLENDED_SHADOWS UNITY_PBS_USE_BRDF1 UNITY_PBS_USE_BRDF3 UNITY_NO_FULL_STANDARD_SHADER UNITY_SPECCUBE_BOX_PROJECTION UNITY_SPECCUBE_BLENDING UNITY_ENABLE_DETAIL_NORMALMAP UNITY_HARDWARE_TIER1 UNITY_HARDWARE_TIER2 UNITY_HARDWARE_TIER3 UNITY_COLORSPACE_GAMMA UNITY_LIGHT_PROBE_PROXY_VOLUME UNITY_HALF_PRECISION_FRAGMENT_SHADER_REGISTERS UNITY_LIGHTMAP_RGBM_ENCODING UNITY_LIGHTMAP_FULL_HDR UNITY_VIRTUAL_TEXTURING UNITY_PRETRANSFORM_TO_DISPLAY_ORIENTATION UNITY_ASTC_NORMALMAP_ENCODING SHADER_API_GLES30 UNITY_UNIFIED_SHADER_PRECISION_MODEL flags=268435456 lang=3 type=Fragment platform=d3d11 reqs=1101803 mask=6 start=42  error: 1 plat 25 at Assets/House/Shaders/MI_Bed_frames_clean.hlsl(58): 'PI': macro redefinition. Previous definition found at C:/IFP/Anyo2/ProyectoVideojuegos/ProyectoFinal/The-Cleaner/TheCleanerProject/Library/PackageCache/com.unity.render-pipelines.core@13.1.8/ShaderLibrary/Macros.hlsl:23.
  error: 1 plat 4 at Assets/House/Shaders/MI_Bed_frames_clean.hlsl(198): implicit truncation of vector type
  error: 1 plat 4 at Assets/House/Shaders/MI_Bed_frames_clean.hlsl(250): floating point division by zero
  error: 1 plat 4 at Assets/House/Shaders/UnrealCommon.cginc(3): 'exclude_renderers' : unknown pragma ignored
  error: 1 plat 4 at Assets/House/Shaders/UnrealCommon.cginc(428): implicit truncation of vector type
  error: 1 plat 4 at Assets/House/Shaders/UnrealCommon.cginc(432): implicit truncation of vector type
  error: 1 plat 4 at Assets/House/Shaders/UnrealCommon.cginc(1128): implicit truncation of vector type
  error: 1 plat 4 at Assets/House/Shaders/UnrealCommon.cginc(1336): 'Pow2': implicit truncation of vector type
 ok=1 outsize=8282

Cmd: compileSnippet
  insize=10065 file=Assets/House/Shaders/Unreal/MI_Carpets_AB_clean pass=ShadowCaster ppOnly=0 stripLineD=0 buildPlatform=13 rsLen=0 pKW=UNITY_NO_DXT5nm UNITY_NO_RGBM UNITY_ENABLE_REFLECTION_BUFFERS UNITY_NO_CUBEMAP_ARRAY UNITY_NO_SCREENSPACE_SHADOWS UNITY_PBS_USE_BRDF2 SHADER_API_MOBILE UNITY_LIGHTMAP_DLDR_ENCODING UNITY_PASS_SHADOWCASTER uKW=INSTANCING_ON dKW=DOTS_INSTANCING_ON _CASTING_PUNCTUAL_LIGHT_SHADOW UNITY_FRAMEBUFFER_FETCH_AVAILABLE UNITY_METAL_SHADOWS_USE_POINT_FILTERING UNITY_USE_DITHER_MASK_FOR_ALPHABLENDED_SHADOWS UNITY_PBS_USE_BRDF1 UNITY_PBS_USE_BRDF3 UNITY_NO_FULL_STANDARD_SHADER UNITY_SPECCUBE_BOX_PROJECTION UNITY_SPECCUBE_BLENDING UNITY_ENABLE_DETAIL_NORMALMAP UNITY_HARDWARE_TIER1 UNITY_HARDWARE_TIER2 UNITY_HARDWARE_TIER3 UNITY_COLORSPACE_GAMMA UNITY_LIGHT_PROBE_PROXY_VOLUME UNITY_HALF_PRECISION_FRAGMENT_SHADER_REGISTERS UNITY_LIGHTMAP_RGBM_ENCODING UNITY_LIGHTMAP_FULL_HDR UNITY_VIRTUAL_TEXTURING UNITY_PRETRANSFORM_TO_DISPLAY_ORIENTATION UNITY_ASTC_NORMALMAP_ENCODING SHADER_API_GLES30 UNITY_UNIFIED_SHADER_PRECISION_MODEL flags=268435456 lang=3 type=Vertex platform=d3d11 reqs=1101803 mask=6 start=735  error: 1 plat 25 at Assets/House/Shaders/MI_Carpets_AB_clean.hlsl(58): 'PI': macro redefinition. Previous definition found at C:/IFP/Anyo2/ProyectoVideojuegos/ProyectoFinal/The-Cleaner/TheCleanerProject/Library/PackageCache/com.unity.render-pipelines.core@13.1.8/ShaderLibrary/Macros.hlsl:23.
  error: 1 plat 4 at Assets/House/Shaders/MI_Carpets_AB_clean.hlsl(198): implicit truncation of vector type
  error: 1 plat 4 at Assets/House/Shaders/UnrealCommon.cginc(3): 'exclude_renderers' : unknown pragma ignored
  error: 1 plat 4 at Assets/House/Shaders/UnrealCommon.cginc(428): implicit truncation of vector type
  error: 1 plat 4 at Assets/House/Shaders/UnrealCommon.cginc(432): implicit truncation of vector type
  error: 1 plat 4 at Assets/House/Shaders/UnrealCommon.cginc(1128): implicit truncation of vector type
  error: 1 plat 4 at Assets/House/Shaders/UnrealCommon.cginc(1336): 'Pow2': implicit truncation of vector type
 ok=1 outsize=1430

Cmd: compileSnippet
  insize=10065 file=Assets/House/Shaders/Unreal/MI_Carpets_AB_clean pass=ShadowCaster ppOnly=0 stripLineD=0 buildPlatform=13 rsLen=0 pKW=UNITY_NO_DXT5nm UNITY_NO_RGBM UNITY_ENABLE_REFLECTION_BUFFERS UNITY_NO_CUBEMAP_ARRAY UNITY_NO_SCREENSPACE_SHADOWS UNITY_PBS_USE_BRDF2 SHADER_API_MOBILE UNITY_LIGHTMAP_DLDR_ENCODING UNITY_PASS_SHADOWCASTER uKW=INSTANCING_ON dKW=DOTS_INSTANCING_ON _CASTING_PUNCTUAL_LIGHT_SHADOW UNITY_FRAMEBUFFER_FETCH_AVAILABLE UNITY_METAL_SHADOWS_USE_POINT_FILTERING UNITY_USE_DITHER_MASK_FOR_ALPHABLENDED_SHADOWS UNITY_PBS_USE_BRDF1 UNITY_PBS_USE_BRDF3 UNITY_NO_FULL_STANDARD_SHADER UNITY_SPECCUBE_BOX_PROJECTION UNITY_SPECCUBE_BLENDING UNITY_ENABLE_DETAIL_NORMALMAP UNITY_HARDWARE_TIER1 UNITY_HARDWARE_TIER2 UNITY_HARDWARE_TIER3 UNITY_COLORSPACE_GAMMA UNITY_LIGHT_PROBE_PROXY_VOLUME UNITY_HALF_PRECISION_FRAGMENT_SHADER_REGISTERS UNITY_LIGHTMAP_RGBM_ENCODING UNITY_LIGHTMAP_FULL_HDR UNITY_VIRTUAL_TEXTURING UNITY_PRETRANSFORM_TO_DISPLAY_ORIENTATION UNITY_ASTC_NORMALMAP_ENCODING SHADER_API_GLES30 UNITY_UNIFIED_SHADER_PRECISION_MODEL flags=268435456 lang=3 type=Fragment platform=d3d11 reqs=1101803 mask=6 start=735  error: 1 plat 25 at Assets/House/Shaders/MI_Carpets_AB_clean.hlsl(58): 'PI': macro redefinition. Previous definition found at C:/IFP/Anyo2/ProyectoVideojuegos/ProyectoFinal/The-Cleaner/TheCleanerProject/Library/PackageCache/com.unity.render-pipelines.core@13.1.8/ShaderLibrary/Macros.hlsl:23.
  error: 1 plat 4 at Assets/House/Shaders/MI_Carpets_AB_clean.hlsl(198): implicit truncation of vector type
  error: 1 plat 4 at Assets/House/Shaders/MI_Carpets_AB_clean.hlsl(250): floating point division by zero
  error: 1 plat 4 at Assets/House/Shaders/UnrealCommon.cginc(3): 'exclude_renderers' : unknown pragma ignored
  error: 1 plat 4 at Assets/House/Shaders/UnrealCommon.cginc(428): implicit truncation of vector type
  error: 1 plat 4 at Assets/House/Shaders/UnrealCommon.cginc(432): implicit truncation of vector type
  error: 1 plat 4 at Assets/House/Shaders/UnrealCommon.cginc(1128): implicit truncation of vector type
  error: 1 plat 4 at Assets/House/Shaders/UnrealCommon.cginc(1336): 'Pow2': implicit truncation of vector type
 ok=1 outsize=390

Cmd: compileSnippet
  insize=13759 file=Assets/House/Shaders/Unreal/MI_Carpets_AB_clean pass=Universal Forward ppOnly=0 stripLineD=0 buildPlatform=13 rsLen=0 pKW=UNITY_NO_DXT5nm UNITY_NO_RGBM UNITY_ENABLE_REFLECTION_BUFFERS UNITY_NO_CUBEMAP_ARRAY UNITY_NO_SCREENSPACE_SHADOWS UNITY_PBS_USE_BRDF2 SHADER_API_MOBILE UNITY_LIGHTMAP_DLDR_ENCODING uKW=_MAIN_LIGHT_SHADOWS _ADDITIONAL_LIGHTS _ADDITIONAL_LIGHT_SHADOWS dKW=DOTS_INSTANCING_ON _SCREEN_SPACE_OCCLUSION LIGHTMAP_ON DIRLIGHTMAP_COMBINED _MAIN_LIGHT_SHADOWS_CASCADE _MAIN_LIGHT_SHADOWS_SCREEN _ADDITIONAL_LIGHTS_VERTEX _ADDITIONAL_OFF _SHADOWS_SOFT LIGHTMAP_SHADOW_MIXING SHADOWS_SHADOWMASK INSTANCING_ON FOG_LINEAR FOG_EXP FOG_EXP2 UNITY_FRAMEBUFFER_FETCH_AVAILABLE UNITY_METAL_SHADOWS_USE_POINT_FILTERING UNITY_USE_DITHER_MASK_FOR_ALPHABLENDED_SHADOWS UNITY_PBS_USE_BRDF1 UNITY_PBS_USE_BRDF3 UNITY_NO_FULL_STANDARD_SHADER UNITY_SPECCUBE_BOX_PROJECTION UNITY_SPECCUBE_BLENDING UNITY_ENABLE_DETAIL_NORMALMAP UNITY_HARDWARE_TIER1 UNITY_HARDWARE_TIER2 UNITY_HARDWARE_TIER3 UNITY_COLORSPACE_GAMMA UNITY_LIGHT_PROBE_PROXY_VOLUME UNITY_HALF_PRECISION_FRAGMENT_SHADER_REGISTERS UNITY_LIGHTMAP_RGBM_ENCODING UNITY_LIGHTMAP_FULL_HDR UNITY_VIRTUAL_TEXTURING UNITY_PRETRANSFORM_TO_DISPLAY_ORIENTATION UNITY_ASTC_NORMALMAP_ENCODING SHADER_API_GLES30 UNITY_UNIFIED_SHADER_PRECISION_MODEL flags=268435456 lang=3 type=Vertex platform=d3d11 reqs=1101803 mask=6 start=42  error: 1 plat 25 at Assets/House/Shaders/MI_Carpets_AB_clean.hlsl(58): 'PI': macro redefinition. Previous definition found at C:/IFP/Anyo2/ProyectoVideojuegos/ProyectoFinal/The-Cleaner/TheCleanerProject/Library/PackageCache/com.unity.render-pipelines.core@13.1.8/ShaderLibrary/Macros.hlsl:23.
  error: 1 plat 4 at Assets/House/Shaders/MI_Carpets_AB_clean.hlsl(198): implicit truncation of vector type
  error: 1 plat 4 at Assets/House/Shaders/UnrealCommon.cginc(3): 'exclude_renderers' : unknown pragma ignored
  error: 1 plat 4 at Assets/House/Shaders/UnrealCommon.cginc(428): implicit truncation of vector type
  error: 1 plat 4 at Assets/House/Shaders/UnrealCommon.cginc(432): implicit truncation of vector type
  error: 1 plat 4 at Assets/House/Shaders/UnrealCommon.cginc(1128): implicit truncation of vector type
  error: 1 plat 4 at Assets/House/Shaders/UnrealCommon.cginc(1336): 'Pow2': implicit truncation of vector type
 ok=1 outsize=2178

Cmd: compileSnippet
  insize=13759 file=Assets/House/Shaders/Unreal/MI_Carpets_AB_clean pass=Universal Forward ppOnly=0 stripLineD=0 buildPlatform=13 rsLen=0 pKW=UNITY_NO_DXT5nm UNITY_NO_RGBM UNITY_ENABLE_REFLECTION_BUFFERS UNITY_NO_CUBEMAP_ARRAY UNITY_NO_SCREENSPACE_SHADOWS UNITY_PBS_USE_BRDF2 SHADER_API_MOBILE UNITY_LIGHTMAP_DLDR_ENCODING uKW=_MAIN_LIGHT_SHADOWS _ADDITIONAL_LIGHTS _ADDITIONAL_LIGHT_SHADOWS dKW=DOTS_INSTANCING_ON _SCREEN_SPACE_OCCLUSION LIGHTMAP_ON DIRLIGHTMAP_COMBINED _MAIN_LIGHT_SHADOWS_CASCADE _MAIN_LIGHT_SHADOWS_SCREEN _ADDITIONAL_LIGHTS_VERTEX _ADDITIONAL_OFF _SHADOWS_SOFT LIGHTMAP_SHADOW_MIXING SHADOWS_SHADOWMASK INSTANCING_ON FOG_LINEAR FOG_EXP FOG_EXP2 UNITY_FRAMEBUFFER_FETCH_AVAILABLE UNITY_METAL_SHADOWS_USE_POINT_FILTERING UNITY_USE_DITHER_MASK_FOR_ALPHABLENDED_SHADOWS UNITY_PBS_USE_BRDF1 UNITY_PBS_USE_BRDF3 UNITY_NO_FULL_STANDARD_SHADER UNITY_SPECCUBE_BOX_PROJECTION UNITY_SPECCUBE_BLENDING UNITY_ENABLE_DETAIL_NORMALMAP UNITY_HARDWARE_TIER1 UNITY_HARDWARE_TIER2 UNITY_HARDWARE_TIER3 UNITY_COLORSPACE_GAMMA UNITY_LIGHT_PROBE_PROXY_VOLUME UNITY_HALF_PRECISION_FRAGMENT_SHADER_REGISTERS UNITY_LIGHTMAP_RGBM_ENCODING UNITY_LIGHTMAP_FULL_HDR UNITY_VIRTUAL_TEXTURING UNITY_PRETRANSFORM_TO_DISPLAY_ORIENTATION UNITY_ASTC_NORMALMAP_ENCODING SHADER_API_GLES30 UNITY_UNIFIED_SHADER_PRECISION_MODEL flags=268435456 lang=3 type=Fragment platform=d3d11 reqs=1101803 mask=6 start=42  error: 1 plat 25 at Assets/House/Shaders/MI_Carpets_AB_clean.hlsl(58): 'PI': macro redefinition. Previous definition found at C:/IFP/Anyo2/ProyectoVideojuegos/ProyectoFinal/The-Cleaner/TheCleanerProject/Library/PackageCache/com.unity.render-pipelines.core@13.1.8/ShaderLibrary/Macros.hlsl:23.
  error: 1 plat 4 at Assets/House/Shaders/MI_Carpets_AB_clean.hlsl(198): implicit truncation of vector type
  error: 1 plat 4 at Assets/House/Shaders/MI_Carpets_AB_clean.hlsl(250): floating point division by zero
  error: 1 plat 4 at Assets/House/Shaders/UnrealCommon.cginc(3): 'exclude_renderers' : unknown pragma ignored
  error: 1 plat 4 at Assets/House/Shaders/UnrealCommon.cginc(428): implicit truncation of vector type
  error: 1 plat 4 at Assets/House/Shaders/UnrealCommon.cginc(432): implicit truncation of vector type
  error: 1 plat 4 at Assets/House/Shaders/UnrealCommon.cginc(1128): implicit truncation of vector type
  error: 1 plat 4 at Assets/House/Shaders/UnrealCommon.cginc(1336): 'Pow2': implicit truncation of vector type
 ok=1 outsize=8282

Cmd: compileSnippet
  insize=10066 file=Assets/House/Shaders/Unreal/MI_Carpets_CDE_clean pass=ShadowCaster ppOnly=0 stripLineD=0 buildPlatform=13 rsLen=0 pKW=UNITY_NO_DXT5nm UNITY_NO_RGBM UNITY_ENABLE_REFLECTION_BUFFERS UNITY_NO_CUBEMAP_ARRAY UNITY_NO_SCREENSPACE_SHADOWS UNITY_PBS_USE_BRDF2 SHADER_API_MOBILE UNITY_LIGHTMAP_DLDR_ENCODING UNITY_PASS_SHADOWCASTER uKW=INSTANCING_ON dKW=DOTS_INSTANCING_ON _CASTING_PUNCTUAL_LIGHT_SHADOW UNITY_FRAMEBUFFER_FETCH_AVAILABLE UNITY_METAL_SHADOWS_USE_POINT_FILTERING UNITY_USE_DITHER_MASK_FOR_ALPHABLENDED_SHADOWS UNITY_PBS_USE_BRDF1 UNITY_PBS_USE_BRDF3 UNITY_NO_FULL_STANDARD_SHADER UNITY_SPECCUBE_BOX_PROJECTION UNITY_SPECCUBE_BLENDING UNITY_ENABLE_DETAIL_NORMALMAP UNITY_HARDWARE_TIER1 UNITY_HARDWARE_TIER2 UNITY_HARDWARE_TIER3 UNITY_COLORSPACE_GAMMA UNITY_LIGHT_PROBE_PROXY_VOLUME UNITY_HALF_PRECISION_FRAGMENT_SHADER_REGISTERS UNITY_LIGHTMAP_RGBM_ENCODING UNITY_LIGHTMAP_FULL_HDR UNITY_VIRTUAL_TEXTURING UNITY_PRETRANSFORM_TO_DISPLAY_ORIENTATION UNITY_ASTC_NORMALMAP_ENCODING SHADER_API_GLES30 UNITY_UNIFIED_SHADER_PRECISION_MODEL flags=268435456 lang=3 type=Vertex platform=d3d11 reqs=1101803 mask=6 start=735  error: 1 plat 25 at Assets/House/Shaders/MI_Carpets_CDE_clean.hlsl(58): 'PI': macro redefinition. Previous definition found at C:/IFP/Anyo2/ProyectoVideojuegos/ProyectoFinal/The-Cleaner/TheCleanerProject/Library/PackageCache/com.unity.render-pipelines.core@13.1.8/ShaderLibrary/Macros.hlsl:23.
  error: 1 plat 4 at Assets/House/Shaders/MI_Carpets_CDE_clean.hlsl(198): implicit truncation of vector type
  error: 1 plat 4 at Assets/House/Shaders/UnrealCommon.cginc(3): 'exclude_renderers' : unknown pragma ignored
  error: 1 plat 4 at Assets/House/Shaders/UnrealCommon.cginc(428): implicit truncation of vector type
  error: 1 plat 4 at Assets/House/Shaders/UnrealCommon.cginc(432): implicit truncation of vector type
  error: 1 plat 4 at Assets/House/Shaders/UnrealCommon.cginc(1128): implicit truncation of vector type
  error: 1 plat 4 at Assets/House/Shaders/UnrealCommon.cginc(1336): 'Pow2': implicit truncation of vector type
 ok=1 outsize=1430

Cmd: compileSnippet
  insize=10066 file=Assets/House/Shaders/Unreal/MI_Carpets_CDE_clean pass=ShadowCaster ppOnly=0 stripLineD=0 buildPlatform=13 rsLen=0 pKW=UNITY_NO_DXT5nm UNITY_NO_RGBM UNITY_ENABLE_REFLECTION_BUFFERS UNITY_NO_CUBEMAP_ARRAY UNITY_NO_SCREENSPACE_SHADOWS UNITY_PBS_USE_BRDF2 SHADER_API_MOBILE UNITY_LIGHTMAP_DLDR_ENCODING UNITY_PASS_SHADOWCASTER uKW=INSTANCING_ON dKW=DOTS_INSTANCING_ON _CASTING_PUNCTUAL_LIGHT_SHADOW UNITY_FRAMEBUFFER_FETCH_AVAILABLE UNITY_METAL_SHADOWS_USE_POINT_FILTERING UNITY_USE_DITHER_MASK_FOR_ALPHABLENDED_SHADOWS UNITY_PBS_USE_BRDF1 UNITY_PBS_USE_BRDF3 UNITY_NO_FULL_STANDARD_SHADER UNITY_SPECCUBE_BOX_PROJECTION UNITY_SPECCUBE_BLENDING UNITY_ENABLE_DETAIL_NORMALMAP UNITY_HARDWARE_TIER1 UNITY_HARDWARE_TIER2 UNITY_HARDWARE_TIER3 UNITY_COLORSPACE_GAMMA UNITY_LIGHT_PROBE_PROXY_VOLUME UNITY_HALF_PRECISION_FRAGMENT_SHADER_REGISTERS UNITY_LIGHTMAP_RGBM_ENCODING UNITY_LIGHTMAP_FULL_HDR UNITY_VIRTUAL_TEXTURING UNITY_PRETRANSFORM_TO_DISPLAY_ORIENTATION UNITY_ASTC_NORMALMAP_ENCODING SHADER_API_GLES30 UNITY_UNIFIED_SHADER_PRECISION_MODEL flags=268435456 lang=3 type=Fragment platform=d3d11 reqs=1101803 mask=6 start=735  error: 1 plat 25 at Assets/House/Shaders/MI_Carpets_CDE_clean.hlsl(58): 'PI': macro redefinition. Previous definition found at C:/IFP/Anyo2/ProyectoVideojuegos/ProyectoFinal/The-Cleaner/TheCleanerProject/Library/PackageCache/com.unity.render-pipelines.core@13.1.8/ShaderLibrary/Macros.hlsl:23.
  error: 1 plat 4 at Assets/House/Shaders/MI_Carpets_CDE_clean.hlsl(198): implicit truncation of vector type
  error: 1 plat 4 at Assets/House/Shaders/MI_Carpets_CDE_clean.hlsl(250): floating point division by zero
  error: 1 plat 4 at Assets/House/Shaders/UnrealCommon.cginc(3): 'exclude_renderers' : unknown pragma ignored
  error: 1 plat 4 at Assets/House/Shaders/UnrealCommon.cginc(428): implicit truncation of vector type
  error: 1 plat 4 at Assets/House/Shaders/UnrealCommon.cginc(432): implicit truncation of vector type
  error: 1 plat 4 at Assets/House/Shaders/UnrealCommon.cginc(1128): implicit truncation of vector type
  error: 1 plat 4 at Assets/House/Shaders/UnrealCommon.cginc(1336): 'Pow2': implicit truncation of vector type
 ok=1 outsize=390

Cmd: compileSnippet
  insize=13760 file=Assets/House/Shaders/Unreal/MI_Carpets_CDE_clean pass=Universal Forward ppOnly=0 stripLineD=0 buildPlatform=13 rsLen=0 pKW=UNITY_NO_DXT5nm UNITY_NO_RGBM UNITY_ENABLE_REFLECTION_BUFFERS UNITY_NO_CUBEMAP_ARRAY UNITY_NO_SCREENSPACE_SHADOWS UNITY_PBS_USE_BRDF2 SHADER_API_MOBILE UNITY_LIGHTMAP_DLDR_ENCODING uKW=_MAIN_LIGHT_SHADOWS _ADDITIONAL_LIGHTS _ADDITIONAL_LIGHT_SHADOWS dKW=DOTS_INSTANCING_ON _SCREEN_SPACE_OCCLUSION LIGHTMAP_ON DIRLIGHTMAP_COMBINED _MAIN_LIGHT_SHADOWS_CASCADE _MAIN_LIGHT_SHADOWS_SCREEN _ADDITIONAL_LIGHTS_VERTEX _ADDITIONAL_OFF _SHADOWS_SOFT LIGHTMAP_SHADOW_MIXING SHADOWS_SHADOWMASK INSTANCING_ON FOG_LINEAR FOG_EXP FOG_EXP2 UNITY_FRAMEBUFFER_FETCH_AVAILABLE UNITY_METAL_SHADOWS_USE_POINT_FILTERING UNITY_USE_DITHER_MASK_FOR_ALPHABLENDED_SHADOWS UNITY_PBS_USE_BRDF1 UNITY_PBS_USE_BRDF3 UNITY_NO_FULL_STANDARD_SHADER UNITY_SPECCUBE_BOX_PROJECTION UNITY_SPECCUBE_BLENDING UNITY_ENABLE_DETAIL_NORMALMAP UNITY_HARDWARE_TIER1 UNITY_HARDWARE_TIER2 UNITY_HARDWARE_TIER3 UNITY_COLORSPACE_GAMMA UNITY_LIGHT_PROBE_PROXY_VOLUME UNITY_HALF_PRECISION_FRAGMENT_SHADER_REGISTERS UNITY_LIGHTMAP_RGBM_ENCODING UNITY_LIGHTMAP_FULL_HDR UNITY_VIRTUAL_TEXTURING UNITY_PRETRANSFORM_TO_DISPLAY_ORIENTATION UNITY_ASTC_NORMALMAP_ENCODING SHADER_API_GLES30 UNITY_UNIFIED_SHADER_PRECISION_MODEL flags=268435456 lang=3 type=Vertex platform=d3d11 reqs=1101803 mask=6 start=42  error: 1 plat 25 at Assets/House/Shaders/MI_Carpets_CDE_clean.hlsl(58): 'PI': macro redefinition. Previous definition found at C:/IFP/Anyo2/ProyectoVideojuegos/ProyectoFinal/The-Cleaner/TheCleanerProject/Library/PackageCache/com.unity.render-pipelines.core@13.1.8/ShaderLibrary/Macros.hlsl:23.
  error: 1 plat 4 at Assets/House/Shaders/MI_Carpets_CDE_clean.hlsl(198): implicit truncation of vector type
  error: 1 plat 4 at Assets/House/Shaders/UnrealCommon.cginc(3): 'exclude_renderers' : unknown pragma ignored
  error: 1 plat 4 at Assets/House/Shaders/UnrealCommon.cginc(428): implicit truncation of vector type
  error: 1 plat 4 at Assets/House/Shaders/UnrealCommon.cginc(432): implicit truncation of vector type
  error: 1 plat 4 at Assets/House/Shaders/UnrealCommon.cginc(1128): implicit truncation of vector type
  error: 1 plat 4 at Assets/House/Shaders/UnrealCommon.cginc(1336): 'Pow2': implicit truncation of vector type
 ok=1 outsize=2178

Cmd: compileSnippet
  insize=13760 file=Assets/House/Shaders/Unreal/MI_Carpets_CDE_clean pass=Universal Forward ppOnly=0 stripLineD=0 buildPlatform=13 rsLen=0 pKW=UNITY_NO_DXT5nm UNITY_NO_RGBM UNITY_ENABLE_REFLECTION_BUFFERS UNITY_NO_CUBEMAP_ARRAY UNITY_NO_SCREENSPACE_SHADOWS UNITY_PBS_USE_BRDF2 SHADER_API_MOBILE UNITY_LIGHTMAP_DLDR_ENCODING uKW=_MAIN_LIGHT_SHADOWS _ADDITIONAL_LIGHTS _ADDITIONAL_LIGHT_SHADOWS dKW=DOTS_INSTANCING_ON _SCREEN_SPACE_OCCLUSION LIGHTMAP_ON DIRLIGHTMAP_COMBINED _MAIN_LIGHT_SHADOWS_CASCADE _MAIN_LIGHT_SHADOWS_SCREEN _ADDITIONAL_LIGHTS_VERTEX _ADDITIONAL_OFF _SHADOWS_SOFT LIGHTMAP_SHADOW_MIXING SHADOWS_SHADOWMASK INSTANCING_ON FOG_LINEAR FOG_EXP FOG_EXP2 UNITY_FRAMEBUFFER_FETCH_AVAILABLE UNITY_METAL_SHADOWS_USE_POINT_FILTERING UNITY_USE_DITHER_MASK_FOR_ALPHABLENDED_SHADOWS UNITY_PBS_USE_BRDF1 UNITY_PBS_USE_BRDF3 UNITY_NO_FULL_STANDARD_SHADER UNITY_SPECCUBE_BOX_PROJECTION UNITY_SPECCUBE_BLENDING UNITY_ENABLE_DETAIL_NORMALMAP UNITY_HARDWARE_TIER1 UNITY_HARDWARE_TIER2 UNITY_HARDWARE_TIER3 UNITY_COLORSPACE_GAMMA UNITY_LIGHT_PROBE_PROXY_VOLUME UNITY_HALF_PRECISION_FRAGMENT_SHADER_REGISTERS UNITY_LIGHTMAP_RGBM_ENCODING UNITY_LIGHTMAP_FULL_HDR UNITY_VIRTUAL_TEXTURING UNITY_PRETRANSFORM_TO_DISPLAY_ORIENTATION UNITY_ASTC_NORMALMAP_ENCODING SHADER_API_GLES30 UNITY_UNIFIED_SHADER_PRECISION_MODEL flags=268435456 lang=3 type=Fragment platform=d3d11 reqs=1101803 mask=6 start=42  error: 1 plat 25 at Assets/House/Shaders/MI_Carpets_CDE_clean.hlsl(58): 'PI': macro redefinition. Previous definition found at C:/IFP/Anyo2/ProyectoVideojuegos/ProyectoFinal/The-Cleaner/TheCleanerProject/Library/PackageCache/com.unity.render-pipelines.core@13.1.8/ShaderLibrary/Macros.hlsl:23.
  error: 1 plat 4 at Assets/House/Shaders/MI_Carpets_CDE_clean.hlsl(198): implicit truncation of vector type
  error: 1 plat 4 at Assets/House/Shaders/MI_Carpets_CDE_clean.hlsl(250): floating point division by zero
  error: 1 plat 4 at Assets/House/Shaders/UnrealCommon.cginc(3): 'exclude_renderers' : unknown pragma ignored
  error: 1 plat 4 at Assets/House/Shaders/UnrealCommon.cginc(428): implicit truncation of vector type
  error: 1 plat 4 at Assets/House/Shaders/UnrealCommon.cginc(432): implicit truncation of vector type
  error: 1 plat 4 at Assets/House/Shaders/UnrealCommon.cginc(1128): implicit truncation of vector type
  error: 1 plat 4 at Assets/House/Shaders/UnrealCommon.cginc(1336): 'Pow2': implicit truncation of vector type
 ok=1 outsize=8282

Cmd: compileSnippet
  insize=1464 file=Packages/com.unity.render-pipelines.universal/Shaders/Universal Render Pipeline/Lit pass=ShadowCaster ppOnly=0 stripLineD=0 buildPlatform=13 rsLen=0 pKW=UNITY_NO_DXT5nm UNITY_NO_RGBM UNITY_ENABLE_REFLECTION_BUFFERS UNITY_NO_CUBEMAP_ARRAY UNITY_NO_SCREENSPACE_SHADOWS UNITY_PBS_USE_BRDF2 SHADER_API_MOBILE UNITY_LIGHTMAP_DLDR_ENCODING UNITY_PASS_SHADOWCASTER uKW=INSTANCING_ON dKW=_CASTING_PUNCTUAL_LIGHT_SHADOW DOTS_INSTANCING_ON UNITY_FRAMEBUFFER_FETCH_AVAILABLE UNITY_METAL_SHADOWS_USE_POINT_FILTERING UNITY_USE_DITHER_MASK_FOR_ALPHABLENDED_SHADOWS UNITY_PBS_USE_BRDF1 UNITY_PBS_USE_BRDF3 UNITY_NO_FULL_STANDARD_SHADER UNITY_SPECCUBE_BOX_PROJECTION UNITY_SPECCUBE_BLENDING UNITY_ENABLE_DETAIL_NORMALMAP UNITY_HARDWARE_TIER1 UNITY_HARDWARE_TIER2 UNITY_HARDWARE_TIER3 UNITY_COLORSPACE_GAMMA UNITY_LIGHT_PROBE_PROXY_VOLUME UNITY_HALF_PRECISION_FRAGMENT_SHADER_REGISTERS UNITY_LIGHTMAP_RGBM_ENCODING UNITY_LIGHTMAP_FULL_HDR UNITY_VIRTUAL_TEXTURING UNITY_PRETRANSFORM_TO_DISPLAY_ORIENTATION UNITY_ASTC_NORMALMAP_ENCODING SHADER_API_GLES30 UNITY_UNIFIED_SHADER_PRECISION_MODEL flags=268435456 lang=3 type=Vertex platform=d3d11 reqs=1101803 mask=6 start=165 ok=1 outsize=1366

Cmd: compileSnippet
  insize=1464 file=Packages/com.unity.render-pipelines.universal/Shaders/Universal Render Pipeline/Lit pass=ShadowCaster ppOnly=0 stripLineD=0 buildPlatform=13 rsLen=0 pKW=UNITY_NO_DXT5nm UNITY_NO_RGBM UNITY_ENABLE_REFLECTION_BUFFERS UNITY_NO_CUBEMAP_ARRAY UNITY_NO_SCREENSPACE_SHADOWS UNITY_PBS_USE_BRDF2 SHADER_API_MOBILE UNITY_LIGHTMAP_DLDR_ENCODING UNITY_PASS_SHADOWCASTER uKW=INSTANCING_ON dKW=DOTS_INSTANCING_ON _ALPHATEST_ON _SMOOTHNESS_TEXTURE_ALBEDO_CHANNEL_A UNITY_FRAMEBUFFER_FETCH_AVAILABLE UNITY_METAL_SHADOWS_USE_POINT_FILTERING UNITY_USE_DITHER_MASK_FOR_ALPHABLENDED_SHADOWS UNITY_PBS_USE_BRDF1 UNITY_PBS_USE_BRDF3 UNITY_NO_FULL_STANDARD_SHADER UNITY_SPECCUBE_BOX_PROJECTION UNITY_SPECCUBE_BLENDING UNITY_ENABLE_DETAIL_NORMALMAP UNITY_HARDWARE_TIER1 UNITY_HARDWARE_TIER2 UNITY_HARDWARE_TIER3 UNITY_COLORSPACE_GAMMA UNITY_LIGHT_PROBE_PROXY_VOLUME UNITY_HALF_PRECISION_FRAGMENT_SHADER_REGISTERS UNITY_LIGHTMAP_RGBM_ENCODING UNITY_LIGHTMAP_FULL_HDR UNITY_VIRTUAL_TEXTURING UNITY_PRETRANSFORM_TO_DISPLAY_ORIENTATION UNITY_ASTC_NORMALMAP_ENCODING SHADER_API_GLES30 UNITY_UNIFIED_SHADER_PRECISION_MODEL flags=268435456 lang=3 type=Fragment platform=d3d11 reqs=1101803 mask=6 start=165 ok=1 outsize=342

Cmd: compileSnippet
  insize=10063 file=Assets/House/Shaders/Unreal/MI_Bed_king_clean pass=ShadowCaster ppOnly=0 stripLineD=0 buildPlatform=13 rsLen=0 pKW=UNITY_NO_DXT5nm UNITY_NO_RGBM UNITY_ENABLE_REFLECTION_BUFFERS UNITY_NO_CUBEMAP_ARRAY UNITY_NO_SCREENSPACE_SHADOWS UNITY_PBS_USE_BRDF2 SHADER_API_MOBILE UNITY_LIGHTMAP_DLDR_ENCODING UNITY_PASS_SHADOWCASTER uKW=INSTANCING_ON dKW=DOTS_INSTANCING_ON _CASTING_PUNCTUAL_LIGHT_SHADOW UNITY_FRAMEBUFFER_FETCH_AVAILABLE UNITY_METAL_SHADOWS_USE_POINT_FILTERING UNITY_USE_DITHER_MASK_FOR_ALPHABLENDED_SHADOWS UNITY_PBS_USE_BRDF1 UNITY_PBS_USE_BRDF3 UNITY_NO_FULL_STANDARD_SHADER UNITY_SPECCUBE_BOX_PROJECTION UNITY_SPECCUBE_BLENDING UNITY_ENABLE_DETAIL_NORMALMAP UNITY_HARDWARE_TIER1 UNITY_HARDWARE_TIER2 UNITY_HARDWARE_TIER3 UNITY_COLORSPACE_GAMMA UNITY_LIGHT_PROBE_PROXY_VOLUME UNITY_HALF_PRECISION_FRAGMENT_SHADER_REGISTERS UNITY_LIGHTMAP_RGBM_ENCODING UNITY_LIGHTMAP_FULL_HDR UNITY_VIRTUAL_TEXTURING UNITY_PRETRANSFORM_TO_DISPLAY_ORIENTATION UNITY_ASTC_NORMALMAP_ENCODING SHADER_API_GLES30 UNITY_UNIFIED_SHADER_PRECISION_MODEL flags=268435456 lang=3 type=Vertex platform=d3d11 reqs=1101803 mask=6 start=735  error: 1 plat 25 at Assets/House/Shaders/MI_Bed_king_clean.hlsl(58): 'PI': macro redefinition. Previous definition found at C:/IFP/Anyo2/ProyectoVideojuegos/ProyectoFinal/The-Cleaner/TheCleanerProject/Library/PackageCache/com.unity.render-pipelines.core@13.1.8/ShaderLibrary/Macros.hlsl:23.
  error: 1 plat 4 at Assets/House/Shaders/MI_Bed_king_clean.hlsl(198): implicit truncation of vector type
  error: 1 plat 4 at Assets/House/Shaders/UnrealCommon.cginc(3): 'exclude_renderers' : unknown pragma ignored
  error: 1 plat 4 at Assets/House/Shaders/UnrealCommon.cginc(428): implicit truncation of vector type
  error: 1 plat 4 at Assets/House/Shaders/UnrealCommon.cginc(432): implicit truncation of vector type
  error: 1 plat 4 at Assets/House/Shaders/UnrealCommon.cginc(1128): implicit truncation of vector type
  error: 1 plat 4 at Assets/House/Shaders/UnrealCommon.cginc(1336): 'Pow2': implicit truncation of vector type
 ok=1 outsize=1430

Cmd: compileSnippet
  insize=10063 file=Assets/House/Shaders/Unreal/MI_Bed_king_clean pass=ShadowCaster ppOnly=0 stripLineD=0 buildPlatform=13 rsLen=0 pKW=UNITY_NO_DXT5nm UNITY_NO_RGBM UNITY_ENABLE_REFLECTION_BUFFERS UNITY_NO_CUBEMAP_ARRAY UNITY_NO_SCREENSPACE_SHADOWS UNITY_PBS_USE_BRDF2 SHADER_API_MOBILE UNITY_LIGHTMAP_DLDR_ENCODING UNITY_PASS_SHADOWCASTER uKW=INSTANCING_ON dKW=DOTS_INSTANCING_ON _CASTING_PUNCTUAL_LIGHT_SHADOW UNITY_FRAMEBUFFER_FETCH_AVAILABLE UNITY_METAL_SHADOWS_USE_POINT_FILTERING UNITY_USE_DITHER_MASK_FOR_ALPHABLENDED_SHADOWS UNITY_PBS_USE_BRDF1 UNITY_PBS_USE_BRDF3 UNITY_NO_FULL_STANDARD_SHADER UNITY_SPECCUBE_BOX_PROJECTION UNITY_SPECCUBE_BLENDING UNITY_ENABLE_DETAIL_NORMALMAP UNITY_HARDWARE_TIER1 UNITY_HARDWARE_TIER2 UNITY_HARDWARE_TIER3 UNITY_COLORSPACE_GAMMA UNITY_LIGHT_PROBE_PROXY_VOLUME UNITY_HALF_PRECISION_FRAGMENT_SHADER_REGISTERS UNITY_LIGHTMAP_RGBM_ENCODING UNITY_LIGHTMAP_FULL_HDR UNITY_VIRTUAL_TEXTURING UNITY_PRETRANSFORM_TO_DISPLAY_ORIENTATION UNITY_ASTC_NORMALMAP_ENCODING SHADER_API_GLES30 UNITY_UNIFIED_SHADER_PRECISION_MODEL flags=268435456 lang=3 type=Fragment platform=d3d11 reqs=1101803 mask=6 start=735  error: 1 plat 25 at Assets/House/Shaders/MI_Bed_king_clean.hlsl(58): 'PI': macro redefinition. Previous definition found at C:/IFP/Anyo2/ProyectoVideojuegos/ProyectoFinal/The-Cleaner/TheCleanerProject/Library/PackageCache/com.unity.render-pipelines.core@13.1.8/ShaderLibrary/Macros.hlsl:23.
  error: 1 plat 4 at Assets/House/Shaders/MI_Bed_king_clean.hlsl(198): implicit truncation of vector type
  error: 1 plat 4 at Assets/House/Shaders/MI_Bed_king_clean.hlsl(250): floating point division by zero
  error: 1 plat 4 at Assets/House/Shaders/UnrealCommon.cginc(3): 'exclude_renderers' : unknown pragma ignored
  error: 1 plat 4 at Assets/House/Shaders/UnrealCommon.cginc(428): implicit truncation of vector type
  error: 1 plat 4 at Assets/House/Shaders/UnrealCommon.cginc(432): implicit truncation of vector type
  error: 1 plat 4 at Assets/House/Shaders/UnrealCommon.cginc(1128): implicit truncation of vector type
  error: 1 plat 4 at Assets/House/Shaders/UnrealCommon.cginc(1336): 'Pow2': implicit truncation of vector type
 ok=1 outsize=390

Cmd: compileSnippet
  insize=13757 file=Assets/House/Shaders/Unreal/MI_Bed_king_clean pass=Universal Forward ppOnly=0 stripLineD=0 buildPlatform=13 rsLen=0 pKW=UNITY_NO_DXT5nm UNITY_NO_RGBM UNITY_ENABLE_REFLECTION_BUFFERS UNITY_NO_CUBEMAP_ARRAY UNITY_NO_SCREENSPACE_SHADOWS UNITY_PBS_USE_BRDF2 SHADER_API_MOBILE UNITY_LIGHTMAP_DLDR_ENCODING uKW=_MAIN_LIGHT_SHADOWS _ADDITIONAL_LIGHTS _ADDITIONAL_LIGHT_SHADOWS dKW=DOTS_INSTANCING_ON _SCREEN_SPACE_OCCLUSION LIGHTMAP_ON DIRLIGHTMAP_COMBINED _MAIN_LIGHT_SHADOWS_CASCADE _MAIN_LIGHT_SHADOWS_SCREEN _ADDITIONAL_LIGHTS_VERTEX _ADDITIONAL_OFF _SHADOWS_SOFT LIGHTMAP_SHADOW_MIXING SHADOWS_SHADOWMASK INSTANCING_ON FOG_LINEAR FOG_EXP FOG_EXP2 UNITY_FRAMEBUFFER_FETCH_AVAILABLE UNITY_METAL_SHADOWS_USE_POINT_FILTERING UNITY_USE_DITHER_MASK_FOR_ALPHABLENDED_SHADOWS UNITY_PBS_USE_BRDF1 UNITY_PBS_USE_BRDF3 UNITY_NO_FULL_STANDARD_SHADER UNITY_SPECCUBE_BOX_PROJECTION UNITY_SPECCUBE_BLENDING UNITY_ENABLE_DETAIL_NORMALMAP UNITY_HARDWARE_TIER1 UNITY_HARDWARE_TIER2 UNITY_HARDWARE_TIER3 UNITY_COLORSPACE_GAMMA UNITY_LIGHT_PROBE_PROXY_VOLUME UNITY_HALF_PRECISION_FRAGMENT_SHADER_REGISTERS UNITY_LIGHTMAP_RGBM_ENCODING UNITY_LIGHTMAP_FULL_HDR UNITY_VIRTUAL_TEXTURING UNITY_PRETRANSFORM_TO_DISPLAY_ORIENTATION UNITY_ASTC_NORMALMAP_ENCODING SHADER_API_GLES30 UNITY_UNIFIED_SHADER_PRECISION_MODEL flags=268435456 lang=3 type=Vertex platform=d3d11 reqs=1101803 mask=6 start=42  error: 1 plat 25 at Assets/House/Shaders/MI_Bed_king_clean.hlsl(58): 'PI': macro redefinition. Previous definition found at C:/IFP/Anyo2/ProyectoVideojuegos/ProyectoFinal/The-Cleaner/TheCleanerProject/Library/PackageCache/com.unity.render-pipelines.core@13.1.8/ShaderLibrary/Macros.hlsl:23.
  error: 1 plat 4 at Assets/House/Shaders/MI_Bed_king_clean.hlsl(198): implicit truncation of vector type
  error: 1 plat 4 at Assets/House/Shaders/UnrealCommon.cginc(3): 'exclude_renderers' : unknown pragma ignored
  error: 1 plat 4 at Assets/House/Shaders/UnrealCommon.cginc(428): implicit truncation of vector type
  error: 1 plat 4 at Assets/House/Shaders/UnrealCommon.cginc(432): implicit truncation of vector type
  error: 1 plat 4 at Assets/House/Shaders/UnrealCommon.cginc(1128): implicit truncation of vector type
  error: 1 plat 4 at Assets/House/Shaders/UnrealCommon.cginc(1336): 'Pow2': implicit truncation of vector type
 ok=1 outsize=2178

Cmd: compileSnippet
  insize=13757 file=Assets/House/Shaders/Unreal/MI_Bed_king_clean pass=Universal Forward ppOnly=0 stripLineD=0 buildPlatform=13 rsLen=0 pKW=UNITY_NO_DXT5nm UNITY_NO_RGBM UNITY_ENABLE_REFLECTION_BUFFERS UNITY_NO_CUBEMAP_ARRAY UNITY_NO_SCREENSPACE_SHADOWS UNITY_PBS_USE_BRDF2 SHADER_API_MOBILE UNITY_LIGHTMAP_DLDR_ENCODING uKW=_MAIN_LIGHT_SHADOWS _ADDITIONAL_LIGHTS _ADDITIONAL_LIGHT_SHADOWS dKW=DOTS_INSTANCING_ON _SCREEN_SPACE_OCCLUSION LIGHTMAP_ON DIRLIGHTMAP_COMBINED _MAIN_LIGHT_SHADOWS_CASCADE _MAIN_LIGHT_SHADOWS_SCREEN _ADDITIONAL_LIGHTS_VERTEX _ADDITIONAL_OFF _SHADOWS_SOFT LIGHTMAP_SHADOW_MIXING SHADOWS_SHADOWMASK INSTANCING_ON FOG_LINEAR FOG_EXP FOG_EXP2 UNITY_FRAMEBUFFER_FETCH_AVAILABLE UNITY_METAL_SHADOWS_USE_POINT_FILTERING UNITY_USE_DITHER_MASK_FOR_ALPHABLENDED_SHADOWS UNITY_PBS_USE_BRDF1 UNITY_PBS_USE_BRDF3 UNITY_NO_FULL_STANDARD_SHADER UNITY_SPECCUBE_BOX_PROJECTION UNITY_SPECCUBE_BLENDING UNITY_ENABLE_DETAIL_NORMALMAP UNITY_HARDWARE_TIER1 UNITY_HARDWARE_TIER2 UNITY_HARDWARE_TIER3 UNITY_COLORSPACE_GAMMA UNITY_LIGHT_PROBE_PROXY_VOLUME UNITY_HALF_PRECISION_FRAGMENT_SHADER_REGISTERS UNITY_LIGHTMAP_RGBM_ENCODING UNITY_LIGHTMAP_FULL_HDR UNITY_VIRTUAL_TEXTURING UNITY_PRETRANSFORM_TO_DISPLAY_ORIENTATION UNITY_ASTC_NORMALMAP_ENCODING SHADER_API_GLES30 UNITY_UNIFIED_SHADER_PRECISION_MODEL flags=268435456 lang=3 type=Fragment platform=d3d11 reqs=1101803 mask=6 start=42  error: 1 plat 25 at Assets/House/Shaders/MI_Bed_king_clean.hlsl(58): 'PI': macro redefinition. Previous definition found at C:/IFP/Anyo2/ProyectoVideojuegos/ProyectoFinal/The-Cleaner/TheCleanerProject/Library/PackageCache/com.unity.render-pipelines.core@13.1.8/ShaderLibrary/Macros.hlsl:23.
  error: 1 plat 4 at Assets/House/Shaders/MI_Bed_king_clean.hlsl(198): implicit truncation of vector type
  error: 1 plat 4 at Assets/House/Shaders/MI_Bed_king_clean.hlsl(250): floating point division by zero
  error: 1 plat 4 at Assets/House/Shaders/UnrealCommon.cginc(3): 'exclude_renderers' : unknown pragma ignored
  error: 1 plat 4 at Assets/House/Shaders/UnrealCommon.cginc(428): implicit truncation of vector type
  error: 1 plat 4 at Assets/House/Shaders/UnrealCommon.cginc(432): implicit truncation of vector type
  error: 1 plat 4 at Assets/House/Shaders/UnrealCommon.cginc(1128): implicit truncation of vector type
  error: 1 plat 4 at Assets/House/Shaders/UnrealCommon.cginc(1336): 'Pow2': implicit truncation of vector type
 ok=1 outsize=8282

Cmd: compileSnippet
  insize=10063 file=Assets/House/Shaders/Unreal/MI_Bed_twin_clean pass=ShadowCaster ppOnly=0 stripLineD=0 buildPlatform=13 rsLen=0 pKW=UNITY_NO_DXT5nm UNITY_NO_RGBM UNITY_ENABLE_REFLECTION_BUFFERS UNITY_NO_CUBEMAP_ARRAY UNITY_NO_SCREENSPACE_SHADOWS UNITY_PBS_USE_BRDF2 SHADER_API_MOBILE UNITY_LIGHTMAP_DLDR_ENCODING UNITY_PASS_SHADOWCASTER uKW=INSTANCING_ON dKW=DOTS_INSTANCING_ON _CASTING_PUNCTUAL_LIGHT_SHADOW UNITY_FRAMEBUFFER_FETCH_AVAILABLE UNITY_METAL_SHADOWS_USE_POINT_FILTERING UNITY_USE_DITHER_MASK_FOR_ALPHABLENDED_SHADOWS UNITY_PBS_USE_BRDF1 UNITY_PBS_USE_BRDF3 UNITY_NO_FULL_STANDARD_SHADER UNITY_SPECCUBE_BOX_PROJECTION UNITY_SPECCUBE_BLENDING UNITY_ENABLE_DETAIL_NORMALMAP UNITY_HARDWARE_TIER1 UNITY_HARDWARE_TIER2 UNITY_HARDWARE_TIER3 UNITY_COLORSPACE_GAMMA UNITY_LIGHT_PROBE_PROXY_VOLUME UNITY_HALF_PRECISION_FRAGMENT_SHADER_REGISTERS UNITY_LIGHTMAP_RGBM_ENCODING UNITY_LIGHTMAP_FULL_HDR UNITY_VIRTUAL_TEXTURING UNITY_PRETRANSFORM_TO_DISPLAY_ORIENTATION UNITY_ASTC_NORMALMAP_ENCODING SHADER_API_GLES30 UNITY_UNIFIED_SHADER_PRECISION_MODEL flags=268435456 lang=3 type=Vertex platform=d3d11 reqs=1101803 mask=6 start=735  error: 1 plat 25 at Assets/House/Shaders/MI_Bed_twin_clean.hlsl(58): 'PI': macro redefinition. Previous definition found at C:/IFP/Anyo2/ProyectoVideojuegos/ProyectoFinal/The-Cleaner/TheCleanerProject/Library/PackageCache/com.unity.render-pipelines.core@13.1.8/ShaderLibrary/Macros.hlsl:23.
  error: 1 plat 4 at Assets/House/Shaders/MI_Bed_twin_clean.hlsl(198): implicit truncation of vector type
  error: 1 plat 4 at Assets/House/Shaders/UnrealCommon.cginc(3): 'exclude_renderers' : unknown pragma ignored
  error: 1 plat 4 at Assets/House/Shaders/UnrealCommon.cginc(428): implicit truncation of vector type
  error: 1 plat 4 at Assets/House/Shaders/UnrealCommon.cginc(432): implicit truncation of vector type
  error: 1 plat 4 at Assets/House/Shaders/UnrealCommon.cginc(1128): implicit truncation of vector type
  error: 1 plat 4 at Assets/House/Shaders/UnrealCommon.cginc(1336): 'Pow2': implicit truncation of vector type
 ok=1 outsize=1430

Cmd: compileSnippet
  insize=10063 file=Assets/House/Shaders/Unreal/MI_Bed_twin_clean pass=ShadowCaster ppOnly=0 stripLineD=0 buildPlatform=13 rsLen=0 pKW=UNITY_NO_DXT5nm UNITY_NO_RGBM UNITY_ENABLE_REFLECTION_BUFFERS UNITY_NO_CUBEMAP_ARRAY UNITY_NO_SCREENSPACE_SHADOWS UNITY_PBS_USE_BRDF2 SHADER_API_MOBILE UNITY_LIGHTMAP_DLDR_ENCODING UNITY_PASS_SHADOWCASTER uKW=INSTANCING_ON dKW=DOTS_INSTANCING_ON _CASTING_PUNCTUAL_LIGHT_SHADOW UNITY_FRAMEBUFFER_FETCH_AVAILABLE UNITY_METAL_SHADOWS_USE_POINT_FILTERING UNITY_USE_DITHER_MASK_FOR_ALPHABLENDED_SHADOWS UNITY_PBS_USE_BRDF1 UNITY_PBS_USE_BRDF3 UNITY_NO_FULL_STANDARD_SHADER UNITY_SPECCUBE_BOX_PROJECTION UNITY_SPECCUBE_BLENDING UNITY_ENABLE_DETAIL_NORMALMAP UNITY_HARDWARE_TIER1 UNITY_HARDWARE_TIER2 UNITY_HARDWARE_TIER3 UNITY_COLORSPACE_GAMMA UNITY_LIGHT_PROBE_PROXY_VOLUME UNITY_HALF_PRECISION_FRAGMENT_SHADER_REGISTERS UNITY_LIGHTMAP_RGBM_ENCODING UNITY_LIGHTMAP_FULL_HDR UNITY_VIRTUAL_TEXTURING UNITY_PRETRANSFORM_TO_DISPLAY_ORIENTATION UNITY_ASTC_NORMALMAP_ENCODING SHADER_API_GLES30 UNITY_UNIFIED_SHADER_PRECISION_MODEL flags=268435456 lang=3 type=Fragment platform=d3d11 reqs=1101803 mask=6 start=735  error: 1 plat 25 at Assets/House/Shaders/MI_Bed_twin_clean.hlsl(58): 'PI': macro redefinition. Previous definition found at C:/IFP/Anyo2/ProyectoVideojuegos/ProyectoFinal/The-Cleaner/TheCleanerProject/Library/PackageCache/com.unity.render-pipelines.core@13.1.8/ShaderLibrary/Macros.hlsl:23.
  error: 1 plat 4 at Assets/House/Shaders/MI_Bed_twin_clean.hlsl(198): implicit truncation of vector type
  error: 1 plat 4 at Assets/House/Shaders/MI_Bed_twin_clean.hlsl(250): floating point division by zero
  error: 1 plat 4 at Assets/House/Shaders/UnrealCommon.cginc(3): 'exclude_renderers' : unknown pragma ignored
  error: 1 plat 4 at Assets/House/Shaders/UnrealCommon.cginc(428): implicit truncation of vector type
  error: 1 plat 4 at Assets/House/Shaders/UnrealCommon.cginc(432): implicit truncation of vector type
  error: 1 plat 4 at Assets/House/Shaders/UnrealCommon.cginc(1128): implicit truncation of vector type
  error: 1 plat 4 at Assets/House/Shaders/UnrealCommon.cginc(1336): 'Pow2': implicit truncation of vector type
 ok=1 outsize=390

Cmd: compileSnippet
  insize=13757 file=Assets/House/Shaders/Unreal/MI_Bed_twin_clean pass=Universal Forward ppOnly=0 stripLineD=0 buildPlatform=13 rsLen=0 pKW=UNITY_NO_DXT5nm UNITY_NO_RGBM UNITY_ENABLE_REFLECTION_BUFFERS UNITY_NO_CUBEMAP_ARRAY UNITY_NO_SCREENSPACE_SHADOWS UNITY_PBS_USE_BRDF2 SHADER_API_MOBILE UNITY_LIGHTMAP_DLDR_ENCODING uKW=_MAIN_LIGHT_SHADOWS _ADDITIONAL_LIGHTS _ADDITIONAL_LIGHT_SHADOWS dKW=DOTS_INSTANCING_ON _SCREEN_SPACE_OCCLUSION LIGHTMAP_ON DIRLIGHTMAP_COMBINED _MAIN_LIGHT_SHADOWS_CASCADE _MAIN_LIGHT_SHADOWS_SCREEN _ADDITIONAL_LIGHTS_VERTEX _ADDITIONAL_OFF _SHADOWS_SOFT LIGHTMAP_SHADOW_MIXING SHADOWS_SHADOWMASK INSTANCING_ON FOG_LINEAR FOG_EXP FOG_EXP2 UNITY_FRAMEBUFFER_FETCH_AVAILABLE UNITY_METAL_SHADOWS_USE_POINT_FILTERING UNITY_USE_DITHER_MASK_FOR_ALPHABLENDED_SHADOWS UNITY_PBS_USE_BRDF1 UNITY_PBS_USE_BRDF3 UNITY_NO_FULL_STANDARD_SHADER UNITY_SPECCUBE_BOX_PROJECTION UNITY_SPECCUBE_BLENDING UNITY_ENABLE_DETAIL_NORMALMAP UNITY_HARDWARE_TIER1 UNITY_HARDWARE_TIER2 UNITY_HARDWARE_TIER3 UNITY_COLORSPACE_GAMMA UNITY_LIGHT_PROBE_PROXY_VOLUME UNITY_HALF_PRECISION_FRAGMENT_SHADER_REGISTERS UNITY_LIGHTMAP_RGBM_ENCODING UNITY_LIGHTMAP_FULL_HDR UNITY_VIRTUAL_TEXTURING UNITY_PRETRANSFORM_TO_DISPLAY_ORIENTATION UNITY_ASTC_NORMALMAP_ENCODING SHADER_API_GLES30 UNITY_UNIFIED_SHADER_PRECISION_MODEL flags=268435456 lang=3 type=Vertex platform=d3d11 reqs=1101803 mask=6 start=42  error: 1 plat 25 at Assets/House/Shaders/MI_Bed_twin_clean.hlsl(58): 'PI': macro redefinition. Previous definition found at C:/IFP/Anyo2/ProyectoVideojuegos/ProyectoFinal/The-Cleaner/TheCleanerProject/Library/PackageCache/com.unity.render-pipelines.core@13.1.8/ShaderLibrary/Macros.hlsl:23.
  error: 1 plat 4 at Assets/House/Shaders/MI_Bed_twin_clean.hlsl(198): implicit truncation of vector type
  error: 1 plat 4 at Assets/House/Shaders/UnrealCommon.cginc(3): 'exclude_renderers' : unknown pragma ignored
  error: 1 plat 4 at Assets/House/Shaders/UnrealCommon.cginc(428): implicit truncation of vector type
  error: 1 plat 4 at Assets/House/Shaders/UnrealCommon.cginc(432): implicit truncation of vector type
  error: 1 plat 4 at Assets/House/Shaders/UnrealCommon.cginc(1128): implicit truncation of vector type
  error: 1 plat 4 at Assets/House/Shaders/UnrealCommon.cginc(1336): 'Pow2': implicit truncation of vector type
 ok=1 outsize=2178

Cmd: compileSnippet
  insize=13757 file=Assets/House/Shaders/Unreal/MI_Bed_twin_clean pass=Universal Forward ppOnly=0 stripLineD=0 buildPlatform=13 rsLen=0 pKW=UNITY_NO_DXT5nm UNITY_NO_RGBM UNITY_ENABLE_REFLECTION_BUFFERS UNITY_NO_CUBEMAP_ARRAY UNITY_NO_SCREENSPACE_SHADOWS UNITY_PBS_USE_BRDF2 SHADER_API_MOBILE UNITY_LIGHTMAP_DLDR_ENCODING uKW=_MAIN_LIGHT_SHADOWS _ADDITIONAL_LIGHTS _ADDITIONAL_LIGHT_SHADOWS dKW=DOTS_INSTANCING_ON _SCREEN_SPACE_OCCLUSION LIGHTMAP_ON DIRLIGHTMAP_COMBINED _MAIN_LIGHT_SHADOWS_CASCADE _MAIN_LIGHT_SHADOWS_SCREEN _ADDITIONAL_LIGHTS_VERTEX _ADDITIONAL_OFF _SHADOWS_SOFT LIGHTMAP_SHADOW_MIXING SHADOWS_SHADOWMASK INSTANCING_ON FOG_LINEAR FOG_EXP FOG_EXP2 UNITY_FRAMEBUFFER_FETCH_AVAILABLE UNITY_METAL_SHADOWS_USE_POINT_FILTERING UNITY_USE_DITHER_MASK_FOR_ALPHABLENDED_SHADOWS UNITY_PBS_USE_BRDF1 UNITY_PBS_USE_BRDF3 UNITY_NO_FULL_STANDARD_SHADER UNITY_SPECCUBE_BOX_PROJECTION UNITY_SPECCUBE_BLENDING UNITY_ENABLE_DETAIL_NORMALMAP UNITY_HARDWARE_TIER1 UNITY_HARDWARE_TIER2 UNITY_HARDWARE_TIER3 UNITY_COLORSPACE_GAMMA UNITY_LIGHT_PROBE_PROXY_VOLUME UNITY_HALF_PRECISION_FRAGMENT_SHADER_REGISTERS UNITY_LIGHTMAP_RGBM_ENCODING UNITY_LIGHTMAP_FULL_HDR UNITY_VIRTUAL_TEXTURING UNITY_PRETRANSFORM_TO_DISPLAY_ORIENTATION UNITY_ASTC_NORMALMAP_ENCODING SHADER_API_GLES30 UNITY_UNIFIED_SHADER_PRECISION_MODEL flags=268435456 lang=3 type=Fragment platform=d3d11 reqs=1101803 mask=6 start=42  error: 1 plat 25 at Assets/House/Shaders/MI_Bed_twin_clean.hlsl(58): 'PI': macro redefinition. Previous definition found at C:/IFP/Anyo2/ProyectoVideojuegos/ProyectoFinal/The-Cleaner/TheCleanerProject/Library/PackageCache/com.unity.render-pipelines.core@13.1.8/ShaderLibrary/Macros.hlsl:23.
  error: 1 plat 4 at Assets/House/Shaders/MI_Bed_twin_clean.hlsl(198): implicit truncation of vector type
  error: 1 plat 4 at Assets/House/Shaders/MI_Bed_twin_clean.hlsl(250): floating point division by zero
  error: 1 plat 4 at Assets/House/Shaders/UnrealCommon.cginc(3): 'exclude_renderers' : unknown pragma ignored
  error: 1 plat 4 at Assets/House/Shaders/UnrealCommon.cginc(428): implicit truncation of vector type
  error: 1 plat 4 at Assets/House/Shaders/UnrealCommon.cginc(432): implicit truncation of vector type
  error: 1 plat 4 at Assets/House/Shaders/UnrealCommon.cginc(1128): implicit truncation of vector type
  error: 1 plat 4 at Assets/House/Shaders/UnrealCommon.cginc(1336): 'Pow2': implicit truncation of vector type
 ok=1 outsize=8282

Cmd: compileSnippet
  insize=10060 file=Assets/House/Shaders/Unreal/MI_Books_clean pass=ShadowCaster ppOnly=0 stripLineD=0 buildPlatform=13 rsLen=0 pKW=UNITY_NO_DXT5nm UNITY_NO_RGBM UNITY_ENABLE_REFLECTION_BUFFERS UNITY_NO_CUBEMAP_ARRAY UNITY_NO_SCREENSPACE_SHADOWS UNITY_PBS_USE_BRDF2 SHADER_API_MOBILE UNITY_LIGHTMAP_DLDR_ENCODING UNITY_PASS_SHADOWCASTER uKW=INSTANCING_ON dKW=DOTS_INSTANCING_ON _CASTING_PUNCTUAL_LIGHT_SHADOW UNITY_FRAMEBUFFER_FETCH_AVAILABLE UNITY_METAL_SHADOWS_USE_POINT_FILTERING UNITY_USE_DITHER_MASK_FOR_ALPHABLENDED_SHADOWS UNITY_PBS_USE_BRDF1 UNITY_PBS_USE_BRDF3 UNITY_NO_FULL_STANDARD_SHADER UNITY_SPECCUBE_BOX_PROJECTION UNITY_SPECCUBE_BLENDING UNITY_ENABLE_DETAIL_NORMALMAP UNITY_HARDWARE_TIER1 UNITY_HARDWARE_TIER2 UNITY_HARDWARE_TIER3 UNITY_COLORSPACE_GAMMA UNITY_LIGHT_PROBE_PROXY_VOLUME UNITY_HALF_PRECISION_FRAGMENT_SHADER_REGISTERS UNITY_LIGHTMAP_RGBM_ENCODING UNITY_LIGHTMAP_FULL_HDR UNITY_VIRTUAL_TEXTURING UNITY_PRETRANSFORM_TO_DISPLAY_ORIENTATION UNITY_ASTC_NORMALMAP_ENCODING SHADER_API_GLES30 UNITY_UNIFIED_SHADER_PRECISION_MODEL flags=268435456 lang=3 type=Vertex platform=d3d11 reqs=1101803 mask=6 start=735  error: 1 plat 25 at Assets/House/Shaders/MI_Books_clean.hlsl(58): 'PI': macro redefinition. Previous definition found at C:/IFP/Anyo2/ProyectoVideojuegos/ProyectoFinal/The-Cleaner/TheCleanerProject/Library/PackageCache/com.unity.render-pipelines.core@13.1.8/ShaderLibrary/Macros.hlsl:23.
  error: 1 plat 4 at Assets/House/Shaders/MI_Books_clean.hlsl(198): implicit truncation of vector type
  error: 1 plat 4 at Assets/House/Shaders/UnrealCommon.cginc(3): 'exclude_renderers' : unknown pragma ignored
  error: 1 plat 4 at Assets/House/Shaders/UnrealCommon.cginc(428): implicit truncation of vector type
  error: 1 plat 4 at Assets/House/Shaders/UnrealCommon.cginc(432): implicit truncation of vector type
  error: 1 plat 4 at Assets/House/Shaders/UnrealCommon.cginc(1128): implicit truncation of vector type
  error: 1 plat 4 at Assets/House/Shaders/UnrealCommon.cginc(1336): 'Pow2': implicit truncation of vector type
 ok=1 outsize=1430

Cmd: compileSnippet
  insize=10060 file=Assets/House/Shaders/Unreal/MI_Books_clean pass=ShadowCaster ppOnly=0 stripLineD=0 buildPlatform=13 rsLen=0 pKW=UNITY_NO_DXT5nm UNITY_NO_RGBM UNITY_ENABLE_REFLECTION_BUFFERS UNITY_NO_CUBEMAP_ARRAY UNITY_NO_SCREENSPACE_SHADOWS UNITY_PBS_USE_BRDF2 SHADER_API_MOBILE UNITY_LIGHTMAP_DLDR_ENCODING UNITY_PASS_SHADOWCASTER uKW=INSTANCING_ON dKW=DOTS_INSTANCING_ON _CASTING_PUNCTUAL_LIGHT_SHADOW UNITY_FRAMEBUFFER_FETCH_AVAILABLE UNITY_METAL_SHADOWS_USE_POINT_FILTERING UNITY_USE_DITHER_MASK_FOR_ALPHABLENDED_SHADOWS UNITY_PBS_USE_BRDF1 UNITY_PBS_USE_BRDF3 UNITY_NO_FULL_STANDARD_SHADER UNITY_SPECCUBE_BOX_PROJECTION UNITY_SPECCUBE_BLENDING UNITY_ENABLE_DETAIL_NORMALMAP UNITY_HARDWARE_TIER1 UNITY_HARDWARE_TIER2 UNITY_HARDWARE_TIER3 UNITY_COLORSPACE_GAMMA UNITY_LIGHT_PROBE_PROXY_VOLUME UNITY_HALF_PRECISION_FRAGMENT_SHADER_REGISTERS UNITY_LIGHTMAP_RGBM_ENCODING UNITY_LIGHTMAP_FULL_HDR UNITY_VIRTUAL_TEXTURING UNITY_PRETRANSFORM_TO_DISPLAY_ORIENTATION UNITY_ASTC_NORMALMAP_ENCODING SHADER_API_GLES30 UNITY_UNIFIED_SHADER_PRECISION_MODEL flags=268435456 lang=3 type=Fragment platform=d3d11 reqs=1101803 mask=6 start=735  error: 1 plat 25 at Assets/House/Shaders/MI_Books_clean.hlsl(58): 'PI': macro redefinition. Previous definition found at C:/IFP/Anyo2/ProyectoVideojuegos/ProyectoFinal/The-Cleaner/TheCleanerProject/Library/PackageCache/com.unity.render-pipelines.core@13.1.8/ShaderLibrary/Macros.hlsl:23.
  error: 1 plat 4 at Assets/House/Shaders/MI_Books_clean.hlsl(198): implicit truncation of vector type
  error: 1 plat 4 at Assets/House/Shaders/MI_Books_clean.hlsl(250): floating point division by zero
  error: 1 plat 4 at Assets/House/Shaders/UnrealCommon.cginc(3): 'exclude_renderers' : unknown pragma ignored
  error: 1 plat 4 at Assets/House/Shaders/UnrealCommon.cginc(428): implicit truncation of vector type
  error: 1 plat 4 at Assets/House/Shaders/UnrealCommon.cginc(432): implicit truncation of vector type
  error: 1 plat 4 at Assets/House/Shaders/UnrealCommon.cginc(1128): implicit truncation of vector type
  error: 1 plat 4 at Assets/House/Shaders/UnrealCommon.cginc(1336): 'Pow2': implicit truncation of vector type
 ok=1 outsize=390

Cmd: compileSnippet
  insize=13754 file=Assets/House/Shaders/Unreal/MI_Books_clean pass=Universal Forward ppOnly=0 stripLineD=0 buildPlatform=13 rsLen=0 pKW=UNITY_NO_DXT5nm UNITY_NO_RGBM UNITY_ENABLE_REFLECTION_BUFFERS UNITY_NO_CUBEMAP_ARRAY UNITY_NO_SCREENSPACE_SHADOWS UNITY_PBS_USE_BRDF2 SHADER_API_MOBILE UNITY_LIGHTMAP_DLDR_ENCODING uKW=_MAIN_LIGHT_SHADOWS _ADDITIONAL_LIGHTS _ADDITIONAL_LIGHT_SHADOWS dKW=DOTS_INSTANCING_ON _SCREEN_SPACE_OCCLUSION LIGHTMAP_ON DIRLIGHTMAP_COMBINED _MAIN_LIGHT_SHADOWS_CASCADE _MAIN_LIGHT_SHADOWS_SCREEN _ADDITIONAL_LIGHTS_VERTEX _ADDITIONAL_OFF _SHADOWS_SOFT LIGHTMAP_SHADOW_MIXING SHADOWS_SHADOWMASK INSTANCING_ON FOG_LINEAR FOG_EXP FOG_EXP2 UNITY_FRAMEBUFFER_FETCH_AVAILABLE UNITY_METAL_SHADOWS_USE_POINT_FILTERING UNITY_USE_DITHER_MASK_FOR_ALPHABLENDED_SHADOWS UNITY_PBS_USE_BRDF1 UNITY_PBS_USE_BRDF3 UNITY_NO_FULL_STANDARD_SHADER UNITY_SPECCUBE_BOX_PROJECTION UNITY_SPECCUBE_BLENDING UNITY_ENABLE_DETAIL_NORMALMAP UNITY_HARDWARE_TIER1 UNITY_HARDWARE_TIER2 UNITY_HARDWARE_TIER3 UNITY_COLORSPACE_GAMMA UNITY_LIGHT_PROBE_PROXY_VOLUME UNITY_HALF_PRECISION_FRAGMENT_SHADER_REGISTERS UNITY_LIGHTMAP_RGBM_ENCODING UNITY_LIGHTMAP_FULL_HDR UNITY_VIRTUAL_TEXTURING UNITY_PRETRANSFORM_TO_DISPLAY_ORIENTATION UNITY_ASTC_NORMALMAP_ENCODING SHADER_API_GLES30 UNITY_UNIFIED_SHADER_PRECISION_MODEL flags=268435456 lang=3 type=Vertex platform=d3d11 reqs=1101803 mask=6 start=42  error: 1 plat 25 at Assets/House/Shaders/MI_Books_clean.hlsl(58): 'PI': macro redefinition. Previous definition found at C:/IFP/Anyo2/ProyectoVideojuegos/ProyectoFinal/The-Cleaner/TheCleanerProject/Library/PackageCache/com.unity.render-pipelines.core@13.1.8/ShaderLibrary/Macros.hlsl:23.
  error: 1 plat 4 at Assets/House/Shaders/MI_Books_clean.hlsl(198): implicit truncation of vector type
  error: 1 plat 4 at Assets/House/Shaders/UnrealCommon.cginc(3): 'exclude_renderers' : unknown pragma ignored
  error: 1 plat 4 at Assets/House/Shaders/UnrealCommon.cginc(428): implicit truncation of vector type
  error: 1 plat 4 at Assets/House/Shaders/UnrealCommon.cginc(432): implicit truncation of vector type
  error: 1 plat 4 at Assets/House/Shaders/UnrealCommon.cginc(1128): implicit truncation of vector type
  error: 1 plat 4 at Assets/House/Shaders/UnrealCommon.cginc(1336): 'Pow2': implicit truncation of vector type
 ok=1 outsize=2178

Cmd: compileSnippet
  insize=13754 file=Assets/House/Shaders/Unreal/MI_Books_clean pass=Universal Forward ppOnly=0 stripLineD=0 buildPlatform=13 rsLen=0 pKW=UNITY_NO_DXT5nm UNITY_NO_RGBM UNITY_ENABLE_REFLECTION_BUFFERS UNITY_NO_CUBEMAP_ARRAY UNITY_NO_SCREENSPACE_SHADOWS UNITY_PBS_USE_BRDF2 SHADER_API_MOBILE UNITY_LIGHTMAP_DLDR_ENCODING uKW=_MAIN_LIGHT_SHADOWS _ADDITIONAL_LIGHTS _ADDITIONAL_LIGHT_SHADOWS dKW=DOTS_INSTANCING_ON _SCREEN_SPACE_OCCLUSION LIGHTMAP_ON DIRLIGHTMAP_COMBINED _MAIN_LIGHT_SHADOWS_CASCADE _MAIN_LIGHT_SHADOWS_SCREEN _ADDITIONAL_LIGHTS_VERTEX _ADDITIONAL_OFF _SHADOWS_SOFT LIGHTMAP_SHADOW_MIXING SHADOWS_SHADOWMASK INSTANCING_ON FOG_LINEAR FOG_EXP FOG_EXP2 UNITY_FRAMEBUFFER_FETCH_AVAILABLE UNITY_METAL_SHADOWS_USE_POINT_FILTERING UNITY_USE_DITHER_MASK_FOR_ALPHABLENDED_SHADOWS UNITY_PBS_USE_BRDF1 UNITY_PBS_USE_BRDF3 UNITY_NO_FULL_STANDARD_SHADER UNITY_SPECCUBE_BOX_PROJECTION UNITY_SPECCUBE_BLENDING UNITY_ENABLE_DETAIL_NORMALMAP UNITY_HARDWARE_TIER1 UNITY_HARDWARE_TIER2 UNITY_HARDWARE_TIER3 UNITY_COLORSPACE_GAMMA UNITY_LIGHT_PROBE_PROXY_VOLUME UNITY_HALF_PRECISION_FRAGMENT_SHADER_REGISTERS UNITY_LIGHTMAP_RGBM_ENCODING UNITY_LIGHTMAP_FULL_HDR UNITY_VIRTUAL_TEXTURING UNITY_PRETRANSFORM_TO_DISPLAY_ORIENTATION UNITY_ASTC_NORMALMAP_ENCODING SHADER_API_GLES30 UNITY_UNIFIED_SHADER_PRECISION_MODEL flags=268435456 lang=3 type=Fragment platform=d3d11 reqs=1101803 mask=6 start=42  error: 1 plat 25 at Assets/House/Shaders/MI_Books_clean.hlsl(58): 'PI': macro redefinition. Previous definition found at C:/IFP/Anyo2/ProyectoVideojuegos/ProyectoFinal/The-Cleaner/TheCleanerProject/Library/PackageCache/com.unity.render-pipelines.core@13.1.8/ShaderLibrary/Macros.hlsl:23.
  error: 1 plat 4 at Assets/House/Shaders/MI_Books_clean.hlsl(198): implicit truncation of vector type
  error: 1 plat 4 at Assets/House/Shaders/MI_Books_clean.hlsl(250): floating point division by zero
  error: 1 plat 4 at Assets/House/Shaders/UnrealCommon.cginc(3): 'exclude_renderers' : unknown pragma ignored
  error: 1 plat 4 at Assets/House/Shaders/UnrealCommon.cginc(428): implicit truncation of vector type
  error: 1 plat 4 at Assets/House/Shaders/UnrealCommon.cginc(432): implicit truncation of vector type
  error: 1 plat 4 at Assets/House/Shaders/UnrealCommon.cginc(1128): implicit truncation of vector type
  error: 1 plat 4 at Assets/House/Shaders/UnrealCommon.cginc(1336): 'Pow2': implicit truncation of vector type
 ok=1 outsize=8282

Cmd: compileSnippet
  insize=10072 file=Assets/House/Shaders/Unreal/MI_Exterior_concrete_clean pass=ShadowCaster ppOnly=0 stripLineD=0 buildPlatform=13 rsLen=0 pKW=UNITY_NO_DXT5nm UNITY_NO_RGBM UNITY_ENABLE_REFLECTION_BUFFERS UNITY_NO_CUBEMAP_ARRAY UNITY_NO_SCREENSPACE_SHADOWS UNITY_PBS_USE_BRDF2 SHADER_API_MOBILE UNITY_LIGHTMAP_DLDR_ENCODING UNITY_PASS_SHADOWCASTER uKW=INSTANCING_ON dKW=DOTS_INSTANCING_ON _CASTING_PUNCTUAL_LIGHT_SHADOW UNITY_FRAMEBUFFER_FETCH_AVAILABLE UNITY_METAL_SHADOWS_USE_POINT_FILTERING UNITY_USE_DITHER_MASK_FOR_ALPHABLENDED_SHADOWS UNITY_PBS_USE_BRDF1 UNITY_PBS_USE_BRDF3 UNITY_NO_FULL_STANDARD_SHADER UNITY_SPECCUBE_BOX_PROJECTION UNITY_SPECCUBE_BLENDING UNITY_ENABLE_DETAIL_NORMALMAP UNITY_HARDWARE_TIER1 UNITY_HARDWARE_TIER2 UNITY_HARDWARE_TIER3 UNITY_COLORSPACE_GAMMA UNITY_LIGHT_PROBE_PROXY_VOLUME UNITY_HALF_PRECISION_FRAGMENT_SHADER_REGISTERS UNITY_LIGHTMAP_RGBM_ENCODING UNITY_LIGHTMAP_FULL_HDR UNITY_VIRTUAL_TEXTURING UNITY_PRETRANSFORM_TO_DISPLAY_ORIENTATION UNITY_ASTC_NORMALMAP_ENCODING SHADER_API_GLES30 UNITY_UNIFIED_SHADER_PRECISION_MODEL flags=268435456 lang=3 type=Vertex platform=d3d11 reqs=1101803 mask=6 start=735  error: 1 plat 25 at Assets/House/Shaders/MI_Exterior_concrete_clean.hlsl(58): 'PI': macro redefinition. Previous definition found at C:/IFP/Anyo2/ProyectoVideojuegos/ProyectoFinal/The-Cleaner/TheCleanerProject/Library/PackageCache/com.unity.render-pipelines.core@13.1.8/ShaderLibrary/Macros.hlsl:23.
  error: 1 plat 4 at Assets/House/Shaders/MI_Exterior_concrete_clean.hlsl(198): implicit truncation of vector type
  error: 1 plat 4 at Assets/House/Shaders/UnrealCommon.cginc(3): 'exclude_renderers' : unknown pragma ignored
  error: 1 plat 4 at Assets/House/Shaders/UnrealCommon.cginc(428): implicit truncation of vector type
  error: 1 plat 4 at Assets/House/Shaders/UnrealCommon.cginc(432): implicit truncation of vector type
  error: 1 plat 4 at Assets/House/Shaders/UnrealCommon.cginc(1128): implicit truncation of vector type
  error: 1 plat 4 at Assets/House/Shaders/UnrealCommon.cginc(1336): 'Pow2': implicit truncation of vector type
 ok=1 outsize=1430

Cmd: compileSnippet
  insize=10072 file=Assets/House/Shaders/Unreal/MI_Exterior_concrete_clean pass=ShadowCaster ppOnly=0 stripLineD=0 buildPlatform=13 rsLen=0 pKW=UNITY_NO_DXT5nm UNITY_NO_RGBM UNITY_ENABLE_REFLECTION_BUFFERS UNITY_NO_CUBEMAP_ARRAY UNITY_NO_SCREENSPACE_SHADOWS UNITY_PBS_USE_BRDF2 SHADER_API_MOBILE UNITY_LIGHTMAP_DLDR_ENCODING UNITY_PASS_SHADOWCASTER uKW=INSTANCING_ON dKW=DOTS_INSTANCING_ON _CASTING_PUNCTUAL_LIGHT_SHADOW UNITY_FRAMEBUFFER_FETCH_AVAILABLE UNITY_METAL_SHADOWS_USE_POINT_FILTERING UNITY_USE_DITHER_MASK_FOR_ALPHABLENDED_SHADOWS UNITY_PBS_USE_BRDF1 UNITY_PBS_USE_BRDF3 UNITY_NO_FULL_STANDARD_SHADER UNITY_SPECCUBE_BOX_PROJECTION UNITY_SPECCUBE_BLENDING UNITY_ENABLE_DETAIL_NORMALMAP UNITY_HARDWARE_TIER1 UNITY_HARDWARE_TIER2 UNITY_HARDWARE_TIER3 UNITY_COLORSPACE_GAMMA UNITY_LIGHT_PROBE_PROXY_VOLUME UNITY_HALF_PRECISION_FRAGMENT_SHADER_REGISTERS UNITY_LIGHTMAP_RGBM_ENCODING UNITY_LIGHTMAP_FULL_HDR UNITY_VIRTUAL_TEXTURING UNITY_PRETRANSFORM_TO_DISPLAY_ORIENTATION UNITY_ASTC_NORMALMAP_ENCODING SHADER_API_GLES30 UNITY_UNIFIED_SHADER_PRECISION_MODEL flags=268435456 lang=3 type=Fragment platform=d3d11 reqs=1101803 mask=6 start=735  error: 1 plat 25 at Assets/House/Shaders/MI_Exterior_concrete_clean.hlsl(58): 'PI': macro redefinition. Previous definition found at C:/IFP/Anyo2/ProyectoVideojuegos/ProyectoFinal/The-Cleaner/TheCleanerProject/Library/PackageCache/com.unity.render-pipelines.core@13.1.8/ShaderLibrary/Macros.hlsl:23.
  error: 1 plat 4 at Assets/House/Shaders/MI_Exterior_concrete_clean.hlsl(198): implicit truncation of vector type
  error: 1 plat 4 at Assets/House/Shaders/MI_Exterior_concrete_clean.hlsl(250): floating point division by zero
  error: 1 plat 4 at Assets/House/Shaders/UnrealCommon.cginc(3): 'exclude_renderers' : unknown pragma ignored
  error: 1 plat 4 at Assets/House/Shaders/UnrealCommon.cginc(428): implicit truncation of vector type
  error: 1 plat 4 at Assets/House/Shaders/UnrealCommon.cginc(432): implicit truncation of vector type
  error: 1 plat 4 at Assets/House/Shaders/UnrealCommon.cginc(1128): implicit truncation of vector type
  error: 1 plat 4 at Assets/House/Shaders/UnrealCommon.cginc(1336): 'Pow2': implicit truncation of vector type
 ok=1 outsize=390

Cmd: compileSnippet
  insize=13766 file=Assets/House/Shaders/Unreal/MI_Exterior_concrete_clean pass=Universal Forward ppOnly=0 stripLineD=0 buildPlatform=13 rsLen=0 pKW=UNITY_NO_DXT5nm UNITY_NO_RGBM UNITY_ENABLE_REFLECTION_BUFFERS UNITY_NO_CUBEMAP_ARRAY UNITY_NO_SCREENSPACE_SHADOWS UNITY_PBS_USE_BRDF2 SHADER_API_MOBILE UNITY_LIGHTMAP_DLDR_ENCODING uKW=_MAIN_LIGHT_SHADOWS _ADDITIONAL_LIGHTS _ADDITIONAL_LIGHT_SHADOWS dKW=DOTS_INSTANCING_ON _SCREEN_SPACE_OCCLUSION LIGHTMAP_ON DIRLIGHTMAP_COMBINED _MAIN_LIGHT_SHADOWS_CASCADE _MAIN_LIGHT_SHADOWS_SCREEN _ADDITIONAL_LIGHTS_VERTEX _ADDITIONAL_OFF _SHADOWS_SOFT LIGHTMAP_SHADOW_MIXING SHADOWS_SHADOWMASK INSTANCING_ON FOG_LINEAR FOG_EXP FOG_EXP2 UNITY_FRAMEBUFFER_FETCH_AVAILABLE UNITY_METAL_SHADOWS_USE_POINT_FILTERING UNITY_USE_DITHER_MASK_FOR_ALPHABLENDED_SHADOWS UNITY_PBS_USE_BRDF1 UNITY_PBS_USE_BRDF3 UNITY_NO_FULL_STANDARD_SHADER UNITY_SPECCUBE_BOX_PROJECTION UNITY_SPECCUBE_BLENDING UNITY_ENABLE_DETAIL_NORMALMAP UNITY_HARDWARE_TIER1 UNITY_HARDWARE_TIER2 UNITY_HARDWARE_TIER3 UNITY_COLORSPACE_GAMMA UNITY_LIGHT_PROBE_PROXY_VOLUME UNITY_HALF_PRECISION_FRAGMENT_SHADER_REGISTERS UNITY_LIGHTMAP_RGBM_ENCODING UNITY_LIGHTMAP_FULL_HDR UNITY_VIRTUAL_TEXTURING UNITY_PRETRANSFORM_TO_DISPLAY_ORIENTATION UNITY_ASTC_NORMALMAP_ENCODING SHADER_API_GLES30 UNITY_UNIFIED_SHADER_PRECISION_MODEL flags=268435456 lang=3 type=Vertex platform=d3d11 reqs=1101803 mask=6 start=42  error: 1 plat 25 at Assets/House/Shaders/MI_Exterior_concrete_clean.hlsl(58): 'PI': macro redefinition. Previous definition found at C:/IFP/Anyo2/ProyectoVideojuegos/ProyectoFinal/The-Cleaner/TheCleanerProject/Library/PackageCache/com.unity.render-pipelines.core@13.1.8/ShaderLibrary/Macros.hlsl:23.
  error: 1 plat 4 at Assets/House/Shaders/MI_Exterior_concrete_clean.hlsl(198): implicit truncation of vector type
  error: 1 plat 4 at Assets/House/Shaders/UnrealCommon.cginc(3): 'exclude_renderers' : unknown pragma ignored
  error: 1 plat 4 at Assets/House/Shaders/UnrealCommon.cginc(428): implicit truncation of vector type
  error: 1 plat 4 at Assets/House/Shaders/UnrealCommon.cginc(432): implicit truncation of vector type
  error: 1 plat 4 at Assets/House/Shaders/UnrealCommon.cginc(1128): implicit truncation of vector type
  error: 1 plat 4 at Assets/House/Shaders/UnrealCommon.cginc(1336): 'Pow2': implicit truncation of vector type
 ok=1 outsize=2178

Cmd: compileSnippet
  insize=13766 file=Assets/House/Shaders/Unreal/MI_Exterior_concrete_clean pass=Universal Forward ppOnly=0 stripLineD=0 buildPlatform=13 rsLen=0 pKW=UNITY_NO_DXT5nm UNITY_NO_RGBM UNITY_ENABLE_REFLECTION_BUFFERS UNITY_NO_CUBEMAP_ARRAY UNITY_NO_SCREENSPACE_SHADOWS UNITY_PBS_USE_BRDF2 SHADER_API_MOBILE UNITY_LIGHTMAP_DLDR_ENCODING uKW=_MAIN_LIGHT_SHADOWS _ADDITIONAL_LIGHTS _ADDITIONAL_LIGHT_SHADOWS dKW=DOTS_INSTANCING_ON _SCREEN_SPACE_OCCLUSION LIGHTMAP_ON DIRLIGHTMAP_COMBINED _MAIN_LIGHT_SHADOWS_CASCADE _MAIN_LIGHT_SHADOWS_SCREEN _ADDITIONAL_LIGHTS_VERTEX _ADDITIONAL_OFF _SHADOWS_SOFT LIGHTMAP_SHADOW_MIXING SHADOWS_SHADOWMASK INSTANCING_ON FOG_LINEAR FOG_EXP FOG_EXP2 UNITY_FRAMEBUFFER_FETCH_AVAILABLE UNITY_METAL_SHADOWS_USE_POINT_FILTERING UNITY_USE_DITHER_MASK_FOR_ALPHABLENDED_SHADOWS UNITY_PBS_USE_BRDF1 UNITY_PBS_USE_BRDF3 UNITY_NO_FULL_STANDARD_SHADER UNITY_SPECCUBE_BOX_PROJECTION UNITY_SPECCUBE_BLENDING UNITY_ENABLE_DETAIL_NORMALMAP UNITY_HARDWARE_TIER1 UNITY_HARDWARE_TIER2 UNITY_HARDWARE_TIER3 UNITY_COLORSPACE_GAMMA UNITY_LIGHT_PROBE_PROXY_VOLUME UNITY_HALF_PRECISION_FRAGMENT_SHADER_REGISTERS UNITY_LIGHTMAP_RGBM_ENCODING UNITY_LIGHTMAP_FULL_HDR UNITY_VIRTUAL_TEXTURING UNITY_PRETRANSFORM_TO_DISPLAY_ORIENTATION UNITY_ASTC_NORMALMAP_ENCODING SHADER_API_GLES30 UNITY_UNIFIED_SHADER_PRECISION_MODEL flags=268435456 lang=3 type=Fragment platform=d3d11 reqs=1101803 mask=6 start=42  error: 1 plat 25 at Assets/House/Shaders/MI_Exterior_concrete_clean.hlsl(58): 'PI': macro redefinition. Previous definition found at C:/IFP/Anyo2/ProyectoVideojuegos/ProyectoFinal/The-Cleaner/TheCleanerProject/Library/PackageCache/com.unity.render-pipelines.core@13.1.8/ShaderLibrary/Macros.hlsl:23.
  error: 1 plat 4 at Assets/House/Shaders/MI_Exterior_concrete_clean.hlsl(198): implicit truncation of vector type
  error: 1 plat 4 at Assets/House/Shaders/MI_Exterior_concrete_clean.hlsl(250): floating point division by zero
  error: 1 plat 4 at Assets/House/Shaders/UnrealCommon.cginc(3): 'exclude_renderers' : unknown pragma ignored
  error: 1 plat 4 at Assets/House/Shaders/UnrealCommon.cginc(428): implicit truncation of vector type
  error: 1 plat 4 at Assets/House/Shaders/UnrealCommon.cginc(432): implicit truncation of vector type
  error: 1 plat 4 at Assets/House/Shaders/UnrealCommon.cginc(1128): implicit truncation of vector type
  error: 1 plat 4 at Assets/House/Shaders/UnrealCommon.cginc(1336): 'Pow2': implicit truncation of vector type
 ok=1 outsize=8282

Cmd: shutdown
