Base path: 'C:/Program Files/Unity/Hub/Editor/2022.1.8f1/Editor/Data', plugins path 'C:/Program Files/Unity/Hub/Editor/2022.1.8f1/Editor/Data/PlaybackEngines'
Cmd: initializeCompiler

Cmd: compileSnippet
  insize=13763 file=Assets/House/Shaders/Unreal/MI_Wall_B_plaster_clean pass=Universal Forward ppOnly=0 stripLineD=0 buildPlatform=13 rsLen=0 pKW=UNITY_NO_DXT5nm UNITY_NO_RGBM UNITY_ENABLE_REFLECTION_BUFFERS UNITY_NO_CUBEMAP_ARRAY UNITY_NO_SCREENSPACE_SHADOWS UNITY_PBS_USE_BRDF2 SHADER_API_MOBILE UNITY_LIGHTMAP_DLDR_ENCODING uKW=_MAIN_LIGHT_SHADOWS _ADDITIONAL_LIGHTS_VERTEX _ADDITIONAL_LIGHT_SHADOWS dKW=DOTS_INSTANCING_ON _SCREEN_SPACE_OCCLUSION LIGHTMAP_ON DIRLIGHTMAP_COMBINED _MAIN_LIGHT_SHADOWS_CASCADE _MAIN_LIGHT_SHADOWS_SCREEN _ADDITIONAL_LIGHTS _ADDITIONAL_OFF _SHADOWS_SOFT LIGHTMAP_SHADOW_MIXING SHADOWS_SHADOWMASK INSTANCING_ON FOG_LINEAR FOG_EXP FOG_EXP2 UNITY_FRAMEBUFFER_FETCH_AVAILABLE UNITY_METAL_SHADOWS_USE_POINT_FILTERING UNITY_USE_DITHER_MASK_FOR_ALPHABLENDED_SHADOWS UNITY_PBS_USE_BRDF1 UNITY_PBS_USE_BRDF3 UNITY_NO_FULL_STANDARD_SHADER UNITY_SPECCUBE_BOX_PROJECTION UNITY_SPECCUBE_BLENDING UNITY_ENABLE_DETAIL_NORMALMAP UNITY_HARDWARE_TIER1 UNITY_HARDWARE_TIER2 UNITY_HARDWARE_TIER3 UNITY_COLORSPACE_GAMMA UNITY_LIGHT_PROBE_PROXY_VOLUME UNITY_HALF_PRECISION_FRAGMENT_SHADER_REGISTERS UNITY_LIGHTMAP_RGBM_ENCODING UNITY_LIGHTMAP_FULL_HDR UNITY_VIRTUAL_TEXTURING UNITY_PRETRANSFORM_TO_DISPLAY_ORIENTATION UNITY_ASTC_NORMALMAP_ENCODING SHADER_API_GLES30 UNITY_UNIFIED_SHADER_PRECISION_MODEL flags=268435456 lang=3 type=Vertex platform=d3d11 reqs=1101803 mask=6 start=42  error: 1 plat 25 at Assets/House/Shaders/MI_Wall_B_plaster_clean.hlsl(58): 'PI': macro redefinition. Previous definition found at C:/IFP/Anyo2/ProyectoVideojuegos/ProyectoFinal/The-Cleaner/TheCleanerProject/Library/PackageCache/com.unity.render-pipelines.core@13.1.8/ShaderLibrary/Macros.hlsl:23.
  error: 1 plat 4 at Assets/House/Shaders/MI_Wall_B_plaster_clean.hlsl(202): implicit truncation of vector type
  error: 1 plat 4 at Assets/House/Shaders/UnrealCommon.cginc(3): 'exclude_renderers' : unknown pragma ignored
  error: 1 plat 4 at Assets/House/Shaders/UnrealCommon.cginc(428): implicit truncation of vector type
  error: 1 plat 4 at Assets/House/Shaders/UnrealCommon.cginc(432): implicit truncation of vector type
  error: 1 plat 4 at Assets/House/Shaders/UnrealCommon.cginc(1128): implicit truncation of vector type
  error: 1 plat 4 at Assets/House/Shaders/UnrealCommon.cginc(1336): 'Pow2': implicit truncation of vector type
 ok=1 outsize=3206

Cmd: compileSnippet
  insize=13757 file=Assets/House/Shaders/Unreal/MI_Fireplace_worn pass=Universal Forward ppOnly=0 stripLineD=0 buildPlatform=13 rsLen=0 pKW=UNITY_NO_DXT5nm UNITY_NO_RGBM UNITY_ENABLE_REFLECTION_BUFFERS UNITY_NO_CUBEMAP_ARRAY UNITY_NO_SCREENSPACE_SHADOWS UNITY_PBS_USE_BRDF2 SHADER_API_MOBILE UNITY_LIGHTMAP_DLDR_ENCODING uKW=_MAIN_LIGHT_SHADOWS _ADDITIONAL_LIGHTS_VERTEX _ADDITIONAL_LIGHT_SHADOWS dKW=DOTS_INSTANCING_ON _SCREEN_SPACE_OCCLUSION LIGHTMAP_ON DIRLIGHTMAP_COMBINED _MAIN_LIGHT_SHADOWS_CASCADE _MAIN_LIGHT_SHADOWS_SCREEN _ADDITIONAL_LIGHTS _ADDITIONAL_OFF _SHADOWS_SOFT LIGHTMAP_SHADOW_MIXING SHADOWS_SHADOWMASK INSTANCING_ON FOG_LINEAR FOG_EXP FOG_EXP2 UNITY_FRAMEBUFFER_FETCH_AVAILABLE UNITY_METAL_SHADOWS_USE_POINT_FILTERING UNITY_USE_DITHER_MASK_FOR_ALPHABLENDED_SHADOWS UNITY_PBS_USE_BRDF1 UNITY_PBS_USE_BRDF3 UNITY_NO_FULL_STANDARD_SHADER UNITY_SPECCUBE_BOX_PROJECTION UNITY_SPECCUBE_BLENDING UNITY_ENABLE_DETAIL_NORMALMAP UNITY_HARDWARE_TIER1 UNITY_HARDWARE_TIER2 UNITY_HARDWARE_TIER3 UNITY_COLORSPACE_GAMMA UNITY_LIGHT_PROBE_PROXY_VOLUME UNITY_HALF_PRECISION_FRAGMENT_SHADER_REGISTERS UNITY_LIGHTMAP_RGBM_ENCODING UNITY_LIGHTMAP_FULL_HDR UNITY_VIRTUAL_TEXTURING UNITY_PRETRANSFORM_TO_DISPLAY_ORIENTATION UNITY_ASTC_NORMALMAP_ENCODING SHADER_API_GLES30 UNITY_UNIFIED_SHADER_PRECISION_MODEL flags=268435456 lang=3 type=Vertex platform=d3d11 reqs=1101803 mask=6 start=42  error: 1 plat 25 at Assets/House/Shaders/MI_Fireplace_worn.hlsl(58): 'PI': macro redefinition. Previous definition found at C:/IFP/Anyo2/ProyectoVideojuegos/ProyectoFinal/The-Cleaner/TheCleanerProject/Library/PackageCache/com.unity.render-pipelines.core@13.1.8/ShaderLibrary/Macros.hlsl:23.
  error: 1 plat 4 at Assets/House/Shaders/MI_Fireplace_worn.hlsl(202): implicit truncation of vector type
  error: 1 plat 4 at Assets/House/Shaders/UnrealCommon.cginc(3): 'exclude_renderers' : unknown pragma ignored
  error: 1 plat 4 at Assets/House/Shaders/UnrealCommon.cginc(428): implicit truncation of vector type
  error: 1 plat 4 at Assets/House/Shaders/UnrealCommon.cginc(432): implicit truncation of vector type
  error: 1 plat 4 at Assets/House/Shaders/UnrealCommon.cginc(1128): implicit truncation of vector type
  error: 1 plat 4 at Assets/House/Shaders/UnrealCommon.cginc(1336): 'Pow2': implicit truncation of vector type
 ok=1 outsize=3206

Cmd: compileSnippet
  insize=13753 file=Assets/House/Shaders/Unreal/MI_Books_worn pass=Universal Forward ppOnly=0 stripLineD=0 buildPlatform=13 rsLen=0 pKW=UNITY_NO_DXT5nm UNITY_NO_RGBM UNITY_ENABLE_REFLECTION_BUFFERS UNITY_NO_CUBEMAP_ARRAY UNITY_NO_SCREENSPACE_SHADOWS UNITY_PBS_USE_BRDF2 SHADER_API_MOBILE UNITY_LIGHTMAP_DLDR_ENCODING uKW=_MAIN_LIGHT_SHADOWS _ADDITIONAL_LIGHTS_VERTEX _ADDITIONAL_LIGHT_SHADOWS dKW=DOTS_INSTANCING_ON _SCREEN_SPACE_OCCLUSION LIGHTMAP_ON DIRLIGHTMAP_COMBINED _MAIN_LIGHT_SHADOWS_CASCADE _MAIN_LIGHT_SHADOWS_SCREEN _ADDITIONAL_LIGHTS _ADDITIONAL_OFF _SHADOWS_SOFT LIGHTMAP_SHADOW_MIXING SHADOWS_SHADOWMASK INSTANCING_ON FOG_LINEAR FOG_EXP FOG_EXP2 UNITY_FRAMEBUFFER_FETCH_AVAILABLE UNITY_METAL_SHADOWS_USE_POINT_FILTERING UNITY_USE_DITHER_MASK_FOR_ALPHABLENDED_SHADOWS UNITY_PBS_USE_BRDF1 UNITY_PBS_USE_BRDF3 UNITY_NO_FULL_STANDARD_SHADER UNITY_SPECCUBE_BOX_PROJECTION UNITY_SPECCUBE_BLENDING UNITY_ENABLE_DETAIL_NORMALMAP UNITY_HARDWARE_TIER1 UNITY_HARDWARE_TIER2 UNITY_HARDWARE_TIER3 UNITY_COLORSPACE_GAMMA UNITY_LIGHT_PROBE_PROXY_VOLUME UNITY_HALF_PRECISION_FRAGMENT_SHADER_REGISTERS UNITY_LIGHTMAP_RGBM_ENCODING UNITY_LIGHTMAP_FULL_HDR UNITY_VIRTUAL_TEXTURING UNITY_PRETRANSFORM_TO_DISPLAY_ORIENTATION UNITY_ASTC_NORMALMAP_ENCODING SHADER_API_GLES30 UNITY_UNIFIED_SHADER_PRECISION_MODEL flags=268435456 lang=3 type=Fragment platform=d3d11 reqs=1101803 mask=6 start=42  error: 1 plat 25 at Assets/House/Shaders/MI_Books_worn.hlsl(58): 'PI': macro redefinition. Previous definition found at C:/IFP/Anyo2/ProyectoVideojuegos/ProyectoFinal/The-Cleaner/TheCleanerProject/Library/PackageCache/com.unity.render-pipelines.core@13.1.8/ShaderLibrary/Macros.hlsl:23.
  error: 1 plat 4 at Assets/House/Shaders/MI_Books_worn.hlsl(198): implicit truncation of vector type
  error: 1 plat 4 at Assets/House/Shaders/MI_Books_worn.hlsl(250): floating point division by zero
  error: 1 plat 4 at Assets/House/Shaders/UnrealCommon.cginc(3): 'exclude_renderers' : unknown pragma ignored
  error: 1 plat 4 at Assets/House/Shaders/UnrealCommon.cginc(428): implicit truncation of vector type
  error: 1 plat 4 at Assets/House/Shaders/UnrealCommon.cginc(432): implicit truncation of vector type
  error: 1 plat 4 at Assets/House/Shaders/UnrealCommon.cginc(1128): implicit truncation of vector type
  error: 1 plat 4 at Assets/House/Shaders/UnrealCommon.cginc(1336): 'Pow2': implicit truncation of vector type
 ok=1 outsize=5298

Cmd: compileSnippet
  insize=13762 file=Assets/House/Shaders/Unreal/MI_Molding_white_clean pass=Universal Forward ppOnly=0 stripLineD=0 buildPlatform=13 rsLen=0 pKW=UNITY_NO_DXT5nm UNITY_NO_RGBM UNITY_ENABLE_REFLECTION_BUFFERS UNITY_NO_CUBEMAP_ARRAY UNITY_NO_SCREENSPACE_SHADOWS UNITY_PBS_USE_BRDF2 SHADER_API_MOBILE UNITY_LIGHTMAP_DLDR_ENCODING uKW=_MAIN_LIGHT_SHADOWS _ADDITIONAL_LIGHTS_VERTEX _ADDITIONAL_LIGHT_SHADOWS dKW=DOTS_INSTANCING_ON _SCREEN_SPACE_OCCLUSION LIGHTMAP_ON DIRLIGHTMAP_COMBINED _MAIN_LIGHT_SHADOWS_CASCADE _MAIN_LIGHT_SHADOWS_SCREEN _ADDITIONAL_LIGHTS _ADDITIONAL_OFF _SHADOWS_SOFT LIGHTMAP_SHADOW_MIXING SHADOWS_SHADOWMASK INSTANCING_ON FOG_LINEAR FOG_EXP FOG_EXP2 UNITY_FRAMEBUFFER_FETCH_AVAILABLE UNITY_METAL_SHADOWS_USE_POINT_FILTERING UNITY_USE_DITHER_MASK_FOR_ALPHABLENDED_SHADOWS UNITY_PBS_USE_BRDF1 UNITY_PBS_USE_BRDF3 UNITY_NO_FULL_STANDARD_SHADER UNITY_SPECCUBE_BOX_PROJECTION UNITY_SPECCUBE_BLENDING UNITY_ENABLE_DETAIL_NORMALMAP UNITY_HARDWARE_TIER1 UNITY_HARDWARE_TIER2 UNITY_HARDWARE_TIER3 UNITY_COLORSPACE_GAMMA UNITY_LIGHT_PROBE_PROXY_VOLUME UNITY_HALF_PRECISION_FRAGMENT_SHADER_REGISTERS UNITY_LIGHTMAP_RGBM_ENCODING UNITY_LIGHTMAP_FULL_HDR UNITY_VIRTUAL_TEXTURING UNITY_PRETRANSFORM_TO_DISPLAY_ORIENTATION UNITY_ASTC_NORMALMAP_ENCODING SHADER_API_GLES30 UNITY_UNIFIED_SHADER_PRECISION_MODEL flags=268435456 lang=3 type=Vertex platform=d3d11 reqs=1101803 mask=6 start=46  error: 1 plat 25 at Assets/House/Shaders/MI_Molding_white_clean.hlsl(66): 'PI': macro redefinition. Previous definition found at C:/IFP/Anyo2/ProyectoVideojuegos/ProyectoFinal/The-Cleaner/TheCleanerProject/Library/PackageCache/com.unity.render-pipelines.core@13.1.8/ShaderLibrary/Macros.hlsl:23.
  error: 1 plat 4 at Assets/House/Shaders/MI_Molding_white_clean.hlsl(287): implicit truncation of vector type
  error: 1 plat 4 at Assets/House/Shaders/UnrealCommon.cginc(3): 'exclude_renderers' : unknown pragma ignored
  error: 1 plat 4 at Assets/House/Shaders/UnrealCommon.cginc(428): implicit truncation of vector type
  error: 1 plat 4 at Assets/House/Shaders/UnrealCommon.cginc(432): implicit truncation of vector type
  error: 1 plat 4 at Assets/House/Shaders/UnrealCommon.cginc(1128): implicit truncation of vector type
  error: 1 plat 4 at Assets/House/Shaders/UnrealCommon.cginc(1336): 'Pow2': implicit truncation of vector type
 ok=1 outsize=3206

Cmd: compileSnippet
  insize=13763 file=Assets/House/Shaders/Unreal/MI_Interior_plants_worn pass=Universal Forward ppOnly=0 stripLineD=0 buildPlatform=13 rsLen=0 pKW=UNITY_NO_DXT5nm UNITY_NO_RGBM UNITY_ENABLE_REFLECTION_BUFFERS UNITY_NO_CUBEMAP_ARRAY UNITY_NO_SCREENSPACE_SHADOWS UNITY_PBS_USE_BRDF2 SHADER_API_MOBILE UNITY_LIGHTMAP_DLDR_ENCODING uKW=_MAIN_LIGHT_SHADOWS _ADDITIONAL_LIGHTS_VERTEX _ADDITIONAL_LIGHT_SHADOWS dKW=DOTS_INSTANCING_ON _SCREEN_SPACE_OCCLUSION LIGHTMAP_ON DIRLIGHTMAP_COMBINED _MAIN_LIGHT_SHADOWS_CASCADE _MAIN_LIGHT_SHADOWS_SCREEN _ADDITIONAL_LIGHTS _ADDITIONAL_OFF _SHADOWS_SOFT LIGHTMAP_SHADOW_MIXING SHADOWS_SHADOWMASK INSTANCING_ON FOG_LINEAR FOG_EXP FOG_EXP2 UNITY_FRAMEBUFFER_FETCH_AVAILABLE UNITY_METAL_SHADOWS_USE_POINT_FILTERING UNITY_USE_DITHER_MASK_FOR_ALPHABLENDED_SHADOWS UNITY_PBS_USE_BRDF1 UNITY_PBS_USE_BRDF3 UNITY_NO_FULL_STANDARD_SHADER UNITY_SPECCUBE_BOX_PROJECTION UNITY_SPECCUBE_BLENDING UNITY_ENABLE_DETAIL_NORMALMAP UNITY_HARDWARE_TIER1 UNITY_HARDWARE_TIER2 UNITY_HARDWARE_TIER3 UNITY_COLORSPACE_GAMMA UNITY_LIGHT_PROBE_PROXY_VOLUME UNITY_HALF_PRECISION_FRAGMENT_SHADER_REGISTERS UNITY_LIGHTMAP_RGBM_ENCODING UNITY_LIGHTMAP_FULL_HDR UNITY_VIRTUAL_TEXTURING UNITY_PRETRANSFORM_TO_DISPLAY_ORIENTATION UNITY_ASTC_NORMALMAP_ENCODING SHADER_API_GLES30 UNITY_UNIFIED_SHADER_PRECISION_MODEL flags=268435456 lang=3 type=Vertex platform=d3d11 reqs=1101803 mask=6 start=42  error: 1 plat 25 at Assets/House/Shaders/MI_Interior_plants_worn.hlsl(58): 'PI': macro redefinition. Previous definition found at C:/IFP/Anyo2/ProyectoVideojuegos/ProyectoFinal/The-Cleaner/TheCleanerProject/Library/PackageCache/com.unity.render-pipelines.core@13.1.8/ShaderLibrary/Macros.hlsl:23.
  error: 1 plat 4 at Assets/House/Shaders/MI_Interior_plants_worn.hlsl(198): implicit truncation of vector type
  error: 1 plat 4 at Assets/House/Shaders/UnrealCommon.cginc(3): 'exclude_renderers' : unknown pragma ignored
  error: 1 plat 4 at Assets/House/Shaders/UnrealCommon.cginc(428): implicit truncation of vector type
  error: 1 plat 4 at Assets/House/Shaders/UnrealCommon.cginc(432): implicit truncation of vector type
  error: 1 plat 4 at Assets/House/Shaders/UnrealCommon.cginc(1128): implicit truncation of vector type
  error: 1 plat 4 at Assets/House/Shaders/UnrealCommon.cginc(1336): 'Pow2': implicit truncation of vector type
 ok=1 outsize=3206

Cmd: compileSnippet
  insize=13761 file=Assets/House/Shaders/Unreal/MI_Molding_white_worn pass=Universal Forward ppOnly=0 stripLineD=0 buildPlatform=13 rsLen=0 pKW=UNITY_NO_DXT5nm UNITY_NO_RGBM UNITY_ENABLE_REFLECTION_BUFFERS UNITY_NO_CUBEMAP_ARRAY UNITY_NO_SCREENSPACE_SHADOWS UNITY_PBS_USE_BRDF2 SHADER_API_MOBILE UNITY_LIGHTMAP_DLDR_ENCODING uKW=_MAIN_LIGHT_SHADOWS _ADDITIONAL_LIGHTS_VERTEX _ADDITIONAL_LIGHT_SHADOWS dKW=DOTS_INSTANCING_ON _SCREEN_SPACE_OCCLUSION LIGHTMAP_ON DIRLIGHTMAP_COMBINED _MAIN_LIGHT_SHADOWS_CASCADE _MAIN_LIGHT_SHADOWS_SCREEN _ADDITIONAL_LIGHTS _ADDITIONAL_OFF _SHADOWS_SOFT LIGHTMAP_SHADOW_MIXING SHADOWS_SHADOWMASK INSTANCING_ON FOG_LINEAR FOG_EXP FOG_EXP2 UNITY_FRAMEBUFFER_FETCH_AVAILABLE UNITY_METAL_SHADOWS_USE_POINT_FILTERING UNITY_USE_DITHER_MASK_FOR_ALPHABLENDED_SHADOWS UNITY_PBS_USE_BRDF1 UNITY_PBS_USE_BRDF3 UNITY_NO_FULL_STANDARD_SHADER UNITY_SPECCUBE_BOX_PROJECTION UNITY_SPECCUBE_BLENDING UNITY_ENABLE_DETAIL_NORMALMAP UNITY_HARDWARE_TIER1 UNITY_HARDWARE_TIER2 UNITY_HARDWARE_TIER3 UNITY_COLORSPACE_GAMMA UNITY_LIGHT_PROBE_PROXY_VOLUME UNITY_HALF_PRECISION_FRAGMENT_SHADER_REGISTERS UNITY_LIGHTMAP_RGBM_ENCODING UNITY_LIGHTMAP_FULL_HDR UNITY_VIRTUAL_TEXTURING UNITY_PRETRANSFORM_TO_DISPLAY_ORIENTATION UNITY_ASTC_NORMALMAP_ENCODING SHADER_API_GLES30 UNITY_UNIFIED_SHADER_PRECISION_MODEL flags=268435456 lang=3 type=Fragment platform=d3d11 reqs=1101803 mask=6 start=46  error: 1 plat 25 at Assets/House/Shaders/MI_Molding_white_worn.hlsl(66): 'PI': macro redefinition. Previous definition found at C:/IFP/Anyo2/ProyectoVideojuegos/ProyectoFinal/The-Cleaner/TheCleanerProject/Library/PackageCache/com.unity.render-pipelines.core@13.1.8/ShaderLibrary/Macros.hlsl:23.
  error: 1 plat 4 at Assets/House/Shaders/MI_Molding_white_worn.hlsl(415): implicit truncation of vector type
  error: 1 plat 4 at Assets/House/Shaders/MI_Molding_white_worn.hlsl(467): floating point division by zero
  error: 1 plat 4 at Assets/House/Shaders/UnrealCommon.cginc(3): 'exclude_renderers' : unknown pragma ignored
  error: 1 plat 4 at Assets/House/Shaders/UnrealCommon.cginc(428): implicit truncation of vector type
  error: 1 plat 4 at Assets/House/Shaders/UnrealCommon.cginc(432): implicit truncation of vector type
  error: 1 plat 4 at Assets/House/Shaders/UnrealCommon.cginc(1128): implicit truncation of vector type
  error: 1 plat 4 at Assets/House/Shaders/UnrealCommon.cginc(1336): 'Pow2': implicit truncation of vector type
 ok=1 outsize=8170

Cmd: compileSnippet
  insize=13752 file=Assets/House/Shaders/Unreal/MI_Food_worn pass=Universal Forward ppOnly=0 stripLineD=0 buildPlatform=13 rsLen=0 pKW=UNITY_NO_DXT5nm UNITY_NO_RGBM UNITY_ENABLE_REFLECTION_BUFFERS UNITY_NO_CUBEMAP_ARRAY UNITY_NO_SCREENSPACE_SHADOWS UNITY_PBS_USE_BRDF2 SHADER_API_MOBILE UNITY_LIGHTMAP_DLDR_ENCODING uKW=_MAIN_LIGHT_SHADOWS _ADDITIONAL_LIGHTS_VERTEX _ADDITIONAL_LIGHT_SHADOWS dKW=DOTS_INSTANCING_ON _SCREEN_SPACE_OCCLUSION LIGHTMAP_ON DIRLIGHTMAP_COMBINED _MAIN_LIGHT_SHADOWS_CASCADE _MAIN_LIGHT_SHADOWS_SCREEN _ADDITIONAL_LIGHTS _ADDITIONAL_OFF _SHADOWS_SOFT LIGHTMAP_SHADOW_MIXING SHADOWS_SHADOWMASK INSTANCING_ON FOG_LINEAR FOG_EXP FOG_EXP2 UNITY_FRAMEBUFFER_FETCH_AVAILABLE UNITY_METAL_SHADOWS_USE_POINT_FILTERING UNITY_USE_DITHER_MASK_FOR_ALPHABLENDED_SHADOWS UNITY_PBS_USE_BRDF1 UNITY_PBS_USE_BRDF3 UNITY_NO_FULL_STANDARD_SHADER UNITY_SPECCUBE_BOX_PROJECTION UNITY_SPECCUBE_BLENDING UNITY_ENABLE_DETAIL_NORMALMAP UNITY_HARDWARE_TIER1 UNITY_HARDWARE_TIER2 UNITY_HARDWARE_TIER3 UNITY_COLORSPACE_GAMMA UNITY_LIGHT_PROBE_PROXY_VOLUME UNITY_HALF_PRECISION_FRAGMENT_SHADER_REGISTERS UNITY_LIGHTMAP_RGBM_ENCODING UNITY_LIGHTMAP_FULL_HDR UNITY_VIRTUAL_TEXTURING UNITY_PRETRANSFORM_TO_DISPLAY_ORIENTATION UNITY_ASTC_NORMALMAP_ENCODING SHADER_API_GLES30 UNITY_UNIFIED_SHADER_PRECISION_MODEL flags=268435456 lang=3 type=Fragment platform=d3d11 reqs=1101803 mask=6 start=42  error: 1 plat 25 at Assets/House/Shaders/MI_Food_worn.hlsl(58): 'PI': macro redefinition. Previous definition found at C:/IFP/Anyo2/ProyectoVideojuegos/ProyectoFinal/The-Cleaner/TheCleanerProject/Library/PackageCache/com.unity.render-pipelines.core@13.1.8/ShaderLibrary/Macros.hlsl:23.
  error: 1 plat 4 at Assets/House/Shaders/MI_Food_worn.hlsl(198): implicit truncation of vector type
  error: 1 plat 4 at Assets/House/Shaders/MI_Food_worn.hlsl(250): floating point division by zero
  error: 1 plat 4 at Assets/House/Shaders/UnrealCommon.cginc(3): 'exclude_renderers' : unknown pragma ignored
  error: 1 plat 4 at Assets/House/Shaders/UnrealCommon.cginc(428): implicit truncation of vector type
  error: 1 plat 4 at Assets/House/Shaders/UnrealCommon.cginc(432): implicit truncation of vector type
  error: 1 plat 4 at Assets/House/Shaders/UnrealCommon.cginc(1128): implicit truncation of vector type
  error: 1 plat 4 at Assets/House/Shaders/UnrealCommon.cginc(1336): 'Pow2': implicit truncation of vector type
 ok=1 outsize=5298

Cmd: compileSnippet
  insize=13759 file=Assets/House/Shaders/Unreal/MI_Basement_props_A pass=Universal Forward ppOnly=0 stripLineD=0 buildPlatform=13 rsLen=0 pKW=UNITY_NO_DXT5nm UNITY_NO_RGBM UNITY_ENABLE_REFLECTION_BUFFERS UNITY_NO_CUBEMAP_ARRAY UNITY_NO_SCREENSPACE_SHADOWS UNITY_PBS_USE_BRDF2 SHADER_API_MOBILE UNITY_LIGHTMAP_DLDR_ENCODING uKW=_MAIN_LIGHT_SHADOWS _ADDITIONAL_LIGHTS_VERTEX _ADDITIONAL_LIGHT_SHADOWS dKW=DOTS_INSTANCING_ON _SCREEN_SPACE_OCCLUSION LIGHTMAP_ON DIRLIGHTMAP_COMBINED _MAIN_LIGHT_SHADOWS_CASCADE _MAIN_LIGHT_SHADOWS_SCREEN _ADDITIONAL_LIGHTS _ADDITIONAL_OFF _SHADOWS_SOFT LIGHTMAP_SHADOW_MIXING SHADOWS_SHADOWMASK INSTANCING_ON FOG_LINEAR FOG_EXP FOG_EXP2 UNITY_FRAMEBUFFER_FETCH_AVAILABLE UNITY_METAL_SHADOWS_USE_POINT_FILTERING UNITY_USE_DITHER_MASK_FOR_ALPHABLENDED_SHADOWS UNITY_PBS_USE_BRDF1 UNITY_PBS_USE_BRDF3 UNITY_NO_FULL_STANDARD_SHADER UNITY_SPECCUBE_BOX_PROJECTION UNITY_SPECCUBE_BLENDING UNITY_ENABLE_DETAIL_NORMALMAP UNITY_HARDWARE_TIER1 UNITY_HARDWARE_TIER2 UNITY_HARDWARE_TIER3 UNITY_COLORSPACE_GAMMA UNITY_LIGHT_PROBE_PROXY_VOLUME UNITY_HALF_PRECISION_FRAGMENT_SHADER_REGISTERS UNITY_LIGHTMAP_RGBM_ENCODING UNITY_LIGHTMAP_FULL_HDR UNITY_VIRTUAL_TEXTURING UNITY_PRETRANSFORM_TO_DISPLAY_ORIENTATION UNITY_ASTC_NORMALMAP_ENCODING SHADER_API_GLES30 UNITY_UNIFIED_SHADER_PRECISION_MODEL flags=268435456 lang=3 type=Vertex platform=d3d11 reqs=1101803 mask=6 start=42  error: 1 plat 25 at Assets/House/Shaders/MI_Basement_props_A.hlsl(58): 'PI': macro redefinition. Previous definition found at C:/IFP/Anyo2/ProyectoVideojuegos/ProyectoFinal/The-Cleaner/TheCleanerProject/Library/PackageCache/com.unity.render-pipelines.core@13.1.8/ShaderLibrary/Macros.hlsl:23.
  error: 1 plat 4 at Assets/House/Shaders/MI_Basement_props_A.hlsl(198): implicit truncation of vector type
  error: 1 plat 4 at Assets/House/Shaders/UnrealCommon.cginc(3): 'exclude_renderers' : unknown pragma ignored
  error: 1 plat 4 at Assets/House/Shaders/UnrealCommon.cginc(428): implicit truncation of vector type
  error: 1 plat 4 at Assets/House/Shaders/UnrealCommon.cginc(432): implicit truncation of vector type
  error: 1 plat 4 at Assets/House/Shaders/UnrealCommon.cginc(1128): implicit truncation of vector type
  error: 1 plat 4 at Assets/House/Shaders/UnrealCommon.cginc(1336): 'Pow2': implicit truncation of vector type
 ok=1 outsize=3206

Cmd: compileSnippet
  insize=13762 file=Assets/House/Shaders/Unreal/MI_Floor_wooden_A_worn pass=Universal Forward ppOnly=0 stripLineD=0 buildPlatform=13 rsLen=0 pKW=UNITY_NO_DXT5nm UNITY_NO_RGBM UNITY_ENABLE_REFLECTION_BUFFERS UNITY_NO_CUBEMAP_ARRAY UNITY_NO_SCREENSPACE_SHADOWS UNITY_PBS_USE_BRDF2 SHADER_API_MOBILE UNITY_LIGHTMAP_DLDR_ENCODING uKW=_MAIN_LIGHT_SHADOWS _ADDITIONAL_LIGHTS_VERTEX _ADDITIONAL_LIGHT_SHADOWS dKW=DOTS_INSTANCING_ON _SCREEN_SPACE_OCCLUSION LIGHTMAP_ON DIRLIGHTMAP_COMBINED _MAIN_LIGHT_SHADOWS_CASCADE _MAIN_LIGHT_SHADOWS_SCREEN _ADDITIONAL_LIGHTS _ADDITIONAL_OFF _SHADOWS_SOFT LIGHTMAP_SHADOW_MIXING SHADOWS_SHADOWMASK INSTANCING_ON FOG_LINEAR FOG_EXP FOG_EXP2 UNITY_FRAMEBUFFER_FETCH_AVAILABLE UNITY_METAL_SHADOWS_USE_POINT_FILTERING UNITY_USE_DITHER_MASK_FOR_ALPHABLENDED_SHADOWS UNITY_PBS_USE_BRDF1 UNITY_PBS_USE_BRDF3 UNITY_NO_FULL_STANDARD_SHADER UNITY_SPECCUBE_BOX_PROJECTION UNITY_SPECCUBE_BLENDING UNITY_ENABLE_DETAIL_NORMALMAP UNITY_HARDWARE_TIER1 UNITY_HARDWARE_TIER2 UNITY_HARDWARE_TIER3 UNITY_COLORSPACE_GAMMA UNITY_LIGHT_PROBE_PROXY_VOLUME UNITY_HALF_PRECISION_FRAGMENT_SHADER_REGISTERS UNITY_LIGHTMAP_RGBM_ENCODING UNITY_LIGHTMAP_FULL_HDR UNITY_VIRTUAL_TEXTURING UNITY_PRETRANSFORM_TO_DISPLAY_ORIENTATION UNITY_ASTC_NORMALMAP_ENCODING SHADER_API_GLES30 UNITY_UNIFIED_SHADER_PRECISION_MODEL flags=268435456 lang=3 type=Vertex platform=d3d11 reqs=1101803 mask=6 start=46  error: 1 plat 25 at Assets/House/Shaders/MI_Floor_wooden_A_worn.hlsl(66): 'PI': macro redefinition. Previous definition found at C:/IFP/Anyo2/ProyectoVideojuegos/ProyectoFinal/The-Cleaner/TheCleanerProject/Library/PackageCache/com.unity.render-pipelines.core@13.1.8/ShaderLibrary/Macros.hlsl:23.
  error: 1 plat 4 at Assets/House/Shaders/MI_Floor_wooden_A_worn.hlsl(380): implicit truncation of vector type
  error: 1 plat 4 at Assets/House/Shaders/UnrealCommon.cginc(3): 'exclude_renderers' : unknown pragma ignored
  error: 1 plat 4 at Assets/House/Shaders/UnrealCommon.cginc(428): implicit truncation of vector type
  error: 1 plat 4 at Assets/House/Shaders/UnrealCommon.cginc(432): implicit truncation of vector type
  error: 1 plat 4 at Assets/House/Shaders/UnrealCommon.cginc(1128): implicit truncation of vector type
  error: 1 plat 4 at Assets/House/Shaders/UnrealCommon.cginc(1336): 'Pow2': implicit truncation of vector type
 ok=1 outsize=3206

Cmd: compileSnippet
  insize=13761 file=Assets/House/Shaders/Unreal/MI_Storage_props_worn pass=Universal Forward ppOnly=0 stripLineD=0 buildPlatform=13 rsLen=0 pKW=UNITY_NO_DXT5nm UNITY_NO_RGBM UNITY_ENABLE_REFLECTION_BUFFERS UNITY_NO_CUBEMAP_ARRAY UNITY_NO_SCREENSPACE_SHADOWS UNITY_PBS_USE_BRDF2 SHADER_API_MOBILE UNITY_LIGHTMAP_DLDR_ENCODING uKW=_MAIN_LIGHT_SHADOWS _ADDITIONAL_LIGHTS_VERTEX _ADDITIONAL_LIGHT_SHADOWS dKW=DOTS_INSTANCING_ON _SCREEN_SPACE_OCCLUSION LIGHTMAP_ON DIRLIGHTMAP_COMBINED _MAIN_LIGHT_SHADOWS_CASCADE _MAIN_LIGHT_SHADOWS_SCREEN _ADDITIONAL_LIGHTS _ADDITIONAL_OFF _SHADOWS_SOFT LIGHTMAP_SHADOW_MIXING SHADOWS_SHADOWMASK INSTANCING_ON FOG_LINEAR FOG_EXP FOG_EXP2 UNITY_FRAMEBUFFER_FETCH_AVAILABLE UNITY_METAL_SHADOWS_USE_POINT_FILTERING UNITY_USE_DITHER_MASK_FOR_ALPHABLENDED_SHADOWS UNITY_PBS_USE_BRDF1 UNITY_PBS_USE_BRDF3 UNITY_NO_FULL_STANDARD_SHADER UNITY_SPECCUBE_BOX_PROJECTION UNITY_SPECCUBE_BLENDING UNITY_ENABLE_DETAIL_NORMALMAP UNITY_HARDWARE_TIER1 UNITY_HARDWARE_TIER2 UNITY_HARDWARE_TIER3 UNITY_COLORSPACE_GAMMA UNITY_LIGHT_PROBE_PROXY_VOLUME UNITY_HALF_PRECISION_FRAGMENT_SHADER_REGISTERS UNITY_LIGHTMAP_RGBM_ENCODING UNITY_LIGHTMAP_FULL_HDR UNITY_VIRTUAL_TEXTURING UNITY_PRETRANSFORM_TO_DISPLAY_ORIENTATION UNITY_ASTC_NORMALMAP_ENCODING SHADER_API_GLES30 UNITY_UNIFIED_SHADER_PRECISION_MODEL flags=268435456 lang=3 type=Fragment platform=d3d11 reqs=1101803 mask=6 start=42  error: 1 plat 25 at Assets/House/Shaders/MI_Storage_props_worn.hlsl(58): 'PI': macro redefinition. Previous definition found at C:/IFP/Anyo2/ProyectoVideojuegos/ProyectoFinal/The-Cleaner/TheCleanerProject/Library/PackageCache/com.unity.render-pipelines.core@13.1.8/ShaderLibrary/Macros.hlsl:23.
  error: 1 plat 4 at Assets/House/Shaders/MI_Storage_props_worn.hlsl(198): implicit truncation of vector type
  error: 1 plat 4 at Assets/House/Shaders/MI_Storage_props_worn.hlsl(250): floating point division by zero
  error: 1 plat 4 at Assets/House/Shaders/UnrealCommon.cginc(3): 'exclude_renderers' : unknown pragma ignored
  error: 1 plat 4 at Assets/House/Shaders/UnrealCommon.cginc(428): implicit truncation of vector type
  error: 1 plat 4 at Assets/House/Shaders/UnrealCommon.cginc(432): implicit truncation of vector type
  error: 1 plat 4 at Assets/House/Shaders/UnrealCommon.cginc(1128): implicit truncation of vector type
  error: 1 plat 4 at Assets/House/Shaders/UnrealCommon.cginc(1336): 'Pow2': implicit truncation of vector type
 ok=1 outsize=5298

Cmd: compileSnippet
  insize=13766 file=Assets/House/Shaders/Unreal/MI_Roof_rubber_slate_clean pass=Universal Forward ppOnly=0 stripLineD=0 buildPlatform=13 rsLen=0 pKW=UNITY_NO_DXT5nm UNITY_NO_RGBM UNITY_ENABLE_REFLECTION_BUFFERS UNITY_NO_CUBEMAP_ARRAY UNITY_NO_SCREENSPACE_SHADOWS UNITY_PBS_USE_BRDF2 SHADER_API_MOBILE UNITY_LIGHTMAP_DLDR_ENCODING uKW=_MAIN_LIGHT_SHADOWS _ADDITIONAL_LIGHTS_VERTEX _ADDITIONAL_LIGHT_SHADOWS dKW=DOTS_INSTANCING_ON _SCREEN_SPACE_OCCLUSION LIGHTMAP_ON DIRLIGHTMAP_COMBINED _MAIN_LIGHT_SHADOWS_CASCADE _MAIN_LIGHT_SHADOWS_SCREEN _ADDITIONAL_LIGHTS _ADDITIONAL_OFF _SHADOWS_SOFT LIGHTMAP_SHADOW_MIXING SHADOWS_SHADOWMASK INSTANCING_ON FOG_LINEAR FOG_EXP FOG_EXP2 UNITY_FRAMEBUFFER_FETCH_AVAILABLE UNITY_METAL_SHADOWS_USE_POINT_FILTERING UNITY_USE_DITHER_MASK_FOR_ALPHABLENDED_SHADOWS UNITY_PBS_USE_BRDF1 UNITY_PBS_USE_BRDF3 UNITY_NO_FULL_STANDARD_SHADER UNITY_SPECCUBE_BOX_PROJECTION UNITY_SPECCUBE_BLENDING UNITY_ENABLE_DETAIL_NORMALMAP UNITY_HARDWARE_TIER1 UNITY_HARDWARE_TIER2 UNITY_HARDWARE_TIER3 UNITY_COLORSPACE_GAMMA UNITY_LIGHT_PROBE_PROXY_VOLUME UNITY_HALF_PRECISION_FRAGMENT_SHADER_REGISTERS UNITY_LIGHTMAP_RGBM_ENCODING UNITY_LIGHTMAP_FULL_HDR UNITY_VIRTUAL_TEXTURING UNITY_PRETRANSFORM_TO_DISPLAY_ORIENTATION UNITY_ASTC_NORMALMAP_ENCODING SHADER_API_GLES30 UNITY_UNIFIED_SHADER_PRECISION_MODEL flags=268435456 lang=3 type=Fragment platform=d3d11 reqs=1101803 mask=6 start=42  error: 1 plat 25 at Assets/House/Shaders/MI_Roof_rubber_slate_clean.hlsl(58): 'PI': macro redefinition. Previous definition found at C:/IFP/Anyo2/ProyectoVideojuegos/ProyectoFinal/The-Cleaner/TheCleanerProject/Library/PackageCache/com.unity.render-pipelines.core@13.1.8/ShaderLibrary/Macros.hlsl:23.
  error: 1 plat 4 at Assets/House/Shaders/MI_Roof_rubber_slate_clean.hlsl(198): implicit truncation of vector type
  error: 1 plat 4 at Assets/House/Shaders/MI_Roof_rubber_slate_clean.hlsl(250): floating point division by zero
  error: 1 plat 4 at Assets/House/Shaders/UnrealCommon.cginc(3): 'exclude_renderers' : unknown pragma ignored
  error: 1 plat 4 at Assets/House/Shaders/UnrealCommon.cginc(428): implicit truncation of vector type
  error: 1 plat 4 at Assets/House/Shaders/UnrealCommon.cginc(432): implicit truncation of vector type
  error: 1 plat 4 at Assets/House/Shaders/UnrealCommon.cginc(1128): implicit truncation of vector type
  error: 1 plat 4 at Assets/House/Shaders/UnrealCommon.cginc(1336): 'Pow2': implicit truncation of vector type
 ok=1 outsize=5298

Cmd: compileSnippet
  insize=13759 file=Assets/House/Shaders/Unreal/MI_TV_computer_worn pass=Universal Forward ppOnly=0 stripLineD=0 buildPlatform=13 rsLen=0 pKW=UNITY_NO_DXT5nm UNITY_NO_RGBM UNITY_ENABLE_REFLECTION_BUFFERS UNITY_NO_CUBEMAP_ARRAY UNITY_NO_SCREENSPACE_SHADOWS UNITY_PBS_USE_BRDF2 SHADER_API_MOBILE UNITY_LIGHTMAP_DLDR_ENCODING uKW=_MAIN_LIGHT_SHADOWS _ADDITIONAL_LIGHTS_VERTEX _ADDITIONAL_LIGHT_SHADOWS dKW=DOTS_INSTANCING_ON _SCREEN_SPACE_OCCLUSION LIGHTMAP_ON DIRLIGHTMAP_COMBINED _MAIN_LIGHT_SHADOWS_CASCADE _MAIN_LIGHT_SHADOWS_SCREEN _ADDITIONAL_LIGHTS _ADDITIONAL_OFF _SHADOWS_SOFT LIGHTMAP_SHADOW_MIXING SHADOWS_SHADOWMASK INSTANCING_ON FOG_LINEAR FOG_EXP FOG_EXP2 UNITY_FRAMEBUFFER_FETCH_AVAILABLE UNITY_METAL_SHADOWS_USE_POINT_FILTERING UNITY_USE_DITHER_MASK_FOR_ALPHABLENDED_SHADOWS UNITY_PBS_USE_BRDF1 UNITY_PBS_USE_BRDF3 UNITY_NO_FULL_STANDARD_SHADER UNITY_SPECCUBE_BOX_PROJECTION UNITY_SPECCUBE_BLENDING UNITY_ENABLE_DETAIL_NORMALMAP UNITY_HARDWARE_TIER1 UNITY_HARDWARE_TIER2 UNITY_HARDWARE_TIER3 UNITY_COLORSPACE_GAMMA UNITY_LIGHT_PROBE_PROXY_VOLUME UNITY_HALF_PRECISION_FRAGMENT_SHADER_REGISTERS UNITY_LIGHTMAP_RGBM_ENCODING UNITY_LIGHTMAP_FULL_HDR UNITY_VIRTUAL_TEXTURING UNITY_PRETRANSFORM_TO_DISPLAY_ORIENTATION UNITY_ASTC_NORMALMAP_ENCODING SHADER_API_GLES30 UNITY_UNIFIED_SHADER_PRECISION_MODEL flags=268435456 lang=3 type=Fragment platform=d3d11 reqs=1101803 mask=6 start=42  error: 1 plat 25 at Assets/House/Shaders/MI_TV_computer_worn.hlsl(58): 'PI': macro redefinition. Previous definition found at C:/IFP/Anyo2/ProyectoVideojuegos/ProyectoFinal/The-Cleaner/TheCleanerProject/Library/PackageCache/com.unity.render-pipelines.core@13.1.8/ShaderLibrary/Macros.hlsl:23.
  error: 1 plat 4 at Assets/House/Shaders/MI_TV_computer_worn.hlsl(198): implicit truncation of vector type
  error: 1 plat 4 at Assets/House/Shaders/MI_TV_computer_worn.hlsl(250): floating point division by zero
  error: 1 plat 4 at Assets/House/Shaders/UnrealCommon.cginc(3): 'exclude_renderers' : unknown pragma ignored
  error: 1 plat 4 at Assets/House/Shaders/UnrealCommon.cginc(428): implicit truncation of vector type
  error: 1 plat 4 at Assets/House/Shaders/UnrealCommon.cginc(432): implicit truncation of vector type
  error: 1 plat 4 at Assets/House/Shaders/UnrealCommon.cginc(1128): implicit truncation of vector type
  error: 1 plat 4 at Assets/House/Shaders/UnrealCommon.cginc(1336): 'Pow2': implicit truncation of vector type
 ok=1 outsize=5298

Cmd: shutdown
